01:03:32 : Rcon client logging in
﻿01:03:32 : RCon admin #1 (127.0.0.1:50314) logged in
﻿01:03:49 : Player #0 Mateuus (191.243.254.251:2304) connected
﻿01:04:28 : RCon admin #1: (Global) BEC : Обращаем Ваше внимание! Рестарт сервера производится 6 раз в сутки,(GMT+3) 4:00, 8:00, 12:00, 16:00, 20:00 и 00:00 часов.
﻿01:05:28 : RCon admin #1: (Global) BEC : Обращаем Ваше внимание! Рестарт сервера производится 6 раз в сутки,(GMT+3) 4:00, 8:00, 12:00, 16:00, 20:00 и 00:00 часов.
﻿01:06:28 : RCon admin #1: (Global) BEC : Обращаем Ваше внимание! Рестарт сервера производится 6 раз в сутки,(GMT+3) 4:00, 8:00, 12:00, 16:00, 20:00 и 00:00 часов.
﻿01:07:28 : RCon admin #1: (Global) BEC : Обращаем Ваше внимание! Рестарт сервера производится 6 раз в сутки,(GMT+3) 4:00, 8:00, 12:00, 16:00, 20:00 и 00:00 часов.
﻿01:08:28 : RCon admin #1: (Global) BEC : Обращаем Ваше внимание! Рестарт сервера производится 6 раз в сутки,(GMT+3) 4:00, 8:00, 12:00, 16:00, 20:00 и 00:00 часов.
﻿01:09:28 : RCon admin #1: (Global) BEC : Обращаем Ваше внимание! Рестарт сервера производится 6 раз в сутки,(GMT+3) 4:00, 8:00, 12:00, 16:00, 20:00 и 00:00 часов.
﻿01:10:28 : RCon admin #1: (Global) BEC : Обращаем Ваше внимание! Рестарт сервера производится 6 раз в сутки,(GMT+3) 4:00, 8:00, 12:00, 16:00, 20:00 и 00:00 часов.
﻿01:11:28 : RCon admin #1: (Global) BEC : Обращаем Ваше внимание! Рестарт сервера производится 6 раз в сутки,(GMT+3) 4:00, 8:00, 12:00, 16:00, 20:00 и 00:00 часов.
﻿01:12:28 : RCon admin #1: (Global) BEC : Обращаем Ваше внимание! Рестарт сервера производится 6 раз в сутки,(GMT+3) 4:00, 8:00, 12:00, 16:00, 20:00 и 00:00 часов.
﻿01:13:28 : RCon admin #1: (Global) BEC : Обращаем Ваше внимание! Рестарт сервера производится 6 раз в сутки,(GMT+3) 4:00, 8:00, 12:00, 16:00, 20:00 и 00:00 часов.
﻿01:14:28 : RCon admin #1: (Global) BEC : Обращаем Ваше внимание! Рестарт сервера производится 6 раз в сутки,(GMT+3) 4:00, 8:00, 12:00, 16:00, 20:00 и 00:00 часов.
﻿01:15:28 : RCon admin #1: (Global) BEC : Обращаем Ваше внимание! Рестарт сервера производится 6 раз в сутки,(GMT+3) 4:00, 8:00, 12:00, 16:00, 20:00 и 00:00 часов.
﻿01:16:28 : RCon admin #1: (Global) BEC : Обращаем Ваше внимание! Рестарт сервера производится 6 раз в сутки,(GMT+3) 4:00, 8:00, 12:00, 16:00, 20:00 и 00:00 часов.
﻿01:17:28 : RCon admin #1: (Global) BEC : Обращаем Ваше внимание! Рестарт сервера производится 6 раз в сутки,(GMT+3) 4:00, 8:00, 12:00, 16:00, 20:00 и 00:00 часов.
﻿01:18:28 : RCon admin #1: (Global) BEC : Обращаем Ваше внимание! Рестарт сервера производится 6 раз в сутки,(GMT+3) 4:00, 8:00, 12:00, 16:00, 20:00 и 00:00 часов.
﻿01:19:21 : Lost Connection!
﻿01:19:21 : Closing socket & exiting!
﻿01:25:33 : Rcon client logging in
﻿01:25:33 : RCon admin #1 (127.0.0.1:49257) logged in
﻿01:26:19 : Lost Connection!
﻿01:26:19 : Closing socket & exiting!
﻿01:26:33 : Rcon client logging in
﻿01:26:33 : RCon admin #0 (127.0.0.1:55449) logged in
﻿01:26:44 : RCon admin #1 (191.243.254.251:57652) logged in
﻿01:27:29 : RCon admin #0: (Global) BEC : Обращаем Ваше внимание! Рестарт сервера производится 6 раз в сутки,(GMT+3) 4:00, 8:00, 12:00, 16:00, 20:00 и 00:00 часов.
﻿01:28:29 : RCon admin #0: (Global) BEC : Обращаем Ваше внимание! Рестарт сервера производится 6 раз в сутки,(GMT+3) 4:00, 8:00, 12:00, 16:00, 20:00 и 00:00 часов.
﻿01:28:54 : Lost Connection!
﻿01:28:54 : Closing socket & exiting!
﻿01:29:08 : Rcon client logging in
﻿01:29:08 : RCon admin #0 (127.0.0.1:59325) logged in
﻿01:29:12 : Lost Connection!
﻿01:29:12 : Closing socket & exiting!
﻿01:30:15 : Rcon client logging in
﻿01:30:15 : RCon admin #0 (127.0.0.1:59326) logged in
﻿01:30:27 : RCon admin #1 (191.243.254.251:51018) logged in
﻿01:30:32 : Lost Connection!
﻿01:30:32 : Closing socket & exiting!
﻿01:54:06 : Rcon client logging in
﻿01:54:06 : RCon admin #0 (127.0.0.1:64497) logged in
﻿01:54:10 : RCon admin #1 (191.243.254.251:62703) logged in
﻿01:54:19 : Player #0 Mateuus (191.243.254.251:2304) connected
﻿01:56:19 : Rcon client logging in
﻿01:56:19 : RCon admin #0 (127.0.0.1:64607) logged in
﻿01:56:23 : RCon admin #1 (191.243.254.251:64465) logged in
﻿02:09:52 : Rcon client logging in
﻿02:09:52 : RCon admin #0 (127.0.0.1:51799) logged in
﻿02:09:54 : RCon admin #1 (191.243.254.251:59848) logged in
﻿03:04:28 : Rcon client logging in
﻿03:04:28 : RCon admin #0 (127.0.0.1:60932) logged in
﻿03:04:34 : RCon admin #1 (191.243.254.251:61867) logged in
﻿03:07:57 : Rcon client logging in
﻿03:07:57 : RCon admin #0 (127.0.0.1:55719) logged in
﻿03:08:00 : RCon admin #1 (191.243.254.251:60782) logged in
﻿03:08:40 : Player #0 Mateuus (191.243.254.251:2304) connected
﻿03:08:54 : RCon admin #0: (Global) BEC : Hosting Undead Brasil Servidores | www.undeadbrasil.com/servers
﻿03:09:14 : RCon admin #0: (Global) BEC : Para reportar bugs, erros, etc... Use nosso forum | www.undeadbrasil.com/forum
﻿03:09:54 : RCon admin #0: (Global) BEC : Hosting Undead Brasil Servidores | www.undeadbrasil.com/servers
﻿03:10:14 : RCon admin #0: (Global) BEC : Entre em nosso Team Speak 3: ts3.undeadbrasil.com
﻿03:10:34 : RCon admin #0: (Global) BEC : Leia as regras do servidor
﻿03:10:34 : RCon admin #0: (Global) BEC : Para reportar bugs, erros, etc... Use nosso forum | www.undeadbrasil.com/forum
﻿03:10:54 : RCon admin #0: (Global) BEC : Hosting Undead Brasil Servidores | www.undeadbrasil.com/servers
﻿03:10:54 : RCon admin #0: (Global) BEC : Welcome Undead Brasil
﻿03:11:54 : RCon admin #0: (Global) BEC : Para reportar bugs, erros, etc... Use nosso forum | www.undeadbrasil.com/forum
﻿03:11:54 : RCon admin #0: (Global) BEC : Hosting Undead Brasil Servidores | www.undeadbrasil.com/servers
﻿03:11:54 : RCon admin #0: (Global) BEC : Atenção restart automático a cada 3 horas, 06:00hrs, 09:00hrs, 12:00hrs, 15:00hrs, 18:00hrs, 21:00hrs, 00:00hrs, 03:00hrs
﻿03:12:14 : RCon admin #0: (Global) BEC : Visite nossa pagina no Facebook, www.fb.com/equipeundeadbrasil
﻿03:12:34 : RCon admin #0: (Global) BEC : Entre em nosso Team Speak 3: ts3.undeadbrasil.com
﻿03:12:54 : RCon admin #0: (Global) BEC : Hosting Undead Brasil Servidores | www.undeadbrasil.com/servers
﻿03:13:14 : RCon admin #0: (Global) BEC : Visite nossa pagina no Facebook, www.fb.com/equipeundeadbrasil
﻿03:13:14 : RCon admin #0: (Global) BEC : Visite nossa pagina no Facebook, www.fb.com/equipeundeadbrasil
﻿03:13:14 : RCon admin #0: (Global) BEC : Leia as regras do servidor
﻿03:13:14 : RCon admin #0: (Global) BEC : Para reportar bugs, erros, etc... Use nosso forum | www.undeadbrasil.com/forum
﻿03:13:54 : RCon admin #0: (Global) BEC : Hosting Undead Brasil Servidores | www.undeadbrasil.com/servers
﻿03:13:54 : RCon admin #0: (Global) BEC : Welcome Undead Brasil
﻿03:14:14 : RCon admin #0: (Global) BEC : Visite nossa pagina no Facebook, www.fb.com/equipeundeadbrasil
﻿03:14:34 : RCon admin #0: (Global) BEC : Para reportar bugs, erros, etc... Use nosso forum | www.undeadbrasil.com/forum
﻿03:14:54 : RCon admin #0: (Global) BEC : Entre em nosso Team Speak 3: ts3.undeadbrasil.com
﻿03:14:54 : RCon admin #0: (Global) BEC : Hosting Undead Brasil Servidores | www.undeadbrasil.com/servers
﻿03:15:54 : RCon admin #0: (Global) BEC : Para reportar bugs, erros, etc... Use nosso forum | www.undeadbrasil.com/forum
﻿03:15:54 : RCon admin #0: (Global) BEC : Leia as regras do servidor
﻿03:15:54 : RCon admin #0: (Global) BEC : Hosting Undead Brasil Servidores | www.undeadbrasil.com/servers
﻿03:15:54 : RCon admin #0: (Global) BEC : Atenção restart automático a cada 3 horas, 06:00hrs, 09:00hrs, 12:00hrs, 15:00hrs, 18:00hrs, 21:00hrs, 00:00hrs, 03:00hrs
﻿03:16:34 : RCon admin #0: (Global) BEC : Visite nossa pagina no Facebook, www.fb.com/equipeundeadbrasil
﻿03:16:54 : RCon admin #0: (Global) BEC : Welcome Undead Brasil
﻿03:16:54 : RCon admin #0: (Global) BEC : Hosting Undead Brasil Servidores | www.undeadbrasil.com/servers
﻿03:17:14 : RCon admin #0: (Global) BEC : Entre em nosso Team Speak 3: ts3.undeadbrasil.com
﻿03:17:14 : RCon admin #0: (Global) BEC : Para reportar bugs, erros, etc... Use nosso forum | www.undeadbrasil.com/forum
﻿03:17:54 : RCon admin #0: (Global) BEC : Hosting Undead Brasil Servidores | www.undeadbrasil.com/servers
﻿03:18:34 : RCon admin #0: (Global) BEC : Para reportar bugs, erros, etc... Use nosso forum | www.undeadbrasil.com/forum
﻿03:18:34 : RCon admin #0: (Global) BEC : Visite nossa pagina no Facebook, www.fb.com/equipeundeadbrasil
﻿03:18:34 : RCon admin #0: (Global) BEC : Leia as regras do servidor
﻿03:18:34 : RCon admin #0: (Global) BEC : Visite nossa pagina no Facebook, www.fb.com/equipeundeadbrasil
﻿03:18:54 : RCon admin #0: (Global) BEC : Hosting Undead Brasil Servidores | www.undeadbrasil.com/servers
﻿03:19:34 : RCon admin #0: (Global) BEC : Entre em nosso Team Speak 3: ts3.undeadbrasil.com
﻿03:19:54 : RCon admin #0: (Global) BEC : Welcome Undead Brasil
﻿03:19:54 : RCon admin #0: (Global) BEC : Atenção restart automático a cada 3 horas, 06:00hrs, 09:00hrs, 12:00hrs, 15:00hrs, 18:00hrs, 21:00hrs, 00:00hrs, 03:00hrs
﻿03:19:54 : RCon admin #0: (Global) BEC : Hosting Undead Brasil Servidores | www.undeadbrasil.com/servers
﻿03:19:54 : RCon admin #0: (Global) BEC : Para reportar bugs, erros, etc... Use nosso forum | www.undeadbrasil.com/forum
﻿03:20:34 : RCon admin #0: (Global) BEC : Visite nossa pagina no Facebook, www.fb.com/equipeundeadbrasil
﻿03:20:54 : RCon admin #0: (Global) BEC : Visite nossa pagina no Facebook, www.fb.com/equipeundeadbrasil
﻿03:20:54 : RCon admin #0: (Global) BEC : Hosting Undead Brasil Servidores | www.undeadbrasil.com/servers
﻿03:21:14 : RCon admin #0: (Global) BEC : Leia as regras do servidor
﻿03:21:14 : RCon admin #0: (Global) BEC : Para reportar bugs, erros, etc... Use nosso forum | www.undeadbrasil.com/forum
﻿03:21:54 : RCon admin #0: (Global) BEC : Entre em nosso Team Speak 3: ts3.undeadbrasil.com
﻿03:21:54 : RCon admin #0: (Global) BEC : Hosting Undead Brasil Servidores | www.undeadbrasil.com/servers
﻿03:22:34 : RCon admin #0: (Global) BEC : Para reportar bugs, erros, etc... Use nosso forum | www.undeadbrasil.com/forum
﻿03:22:54 : RCon admin #0: (Global) BEC : Hosting Undead Brasil Servidores | www.undeadbrasil.com/servers
﻿03:22:54 : RCon admin #0: (Global) BEC : Welcome Undead Brasil
﻿03:23:54 : RCon admin #0: (Global) BEC : Para reportar bugs, erros, etc... Use nosso forum | www.undeadbrasil.com/forum
﻿03:23:54 : RCon admin #0: (Global) BEC : Visite nossa pagina no Facebook, www.fb.com/equipeundeadbrasil
﻿03:23:54 : RCon admin #0: (Global) BEC : Hosting Undead Brasil Servidores | www.undeadbrasil.com/servers
﻿03:23:54 : RCon admin #0: (Global) BEC : Leia as regras do servidor
﻿03:23:55 : RCon admin #0: (Global) BEC : Atenção restart automático a cada 3 horas, 06:00hrs, 09:00hrs, 12:00hrs, 15:00hrs, 18:00hrs, 21:00hrs, 00:00hrs, 03:00hrs
﻿03:23:55 : RCon admin #0: (Global) BEC : Visite nossa pagina no Facebook, www.fb.com/equipeundeadbrasil
﻿03:24:14 : RCon admin #0: (Global) BEC : Entre em nosso Team Speak 3: ts3.undeadbrasil.com
﻿03:24:54 : RCon admin #0: (Global) BEC : Hosting Undead Brasil Servidores | www.undeadbrasil.com/servers
﻿03:25:14 : RCon admin #0: (Global) BEC : Para reportar bugs, erros, etc... Use nosso forum | www.undeadbrasil.com/forum
﻿03:25:14 : RCon admin #0: (Global) BEC : Visite nossa pagina no Facebook, www.fb.com/equipeundeadbrasil
﻿03:25:54 : RCon admin #0: (Global) BEC : Welcome Undead Brasil
﻿03:25:54 : RCon admin #0: (Global) BEC : Hosting Undead Brasil Servidores | www.undeadbrasil.com/servers
﻿03:26:34 : RCon admin #0: (Global) BEC : Entre em nosso Team Speak 3: ts3.undeadbrasil.com
﻿03:26:34 : RCon admin #0: (Global) BEC : Para reportar bugs, erros, etc... Use nosso forum | www.undeadbrasil.com/forum
﻿03:26:34 : RCon admin #0: (Global) BEC : Leia as regras do servidor
﻿03:26:54 : RCon admin #0: (Global) BEC : Visite nossa pagina no Facebook, www.fb.com/equipeundeadbrasil
﻿03:26:54 : RCon admin #0: (Global) BEC : Hosting Undead Brasil Servidores | www.undeadbrasil.com/servers
﻿03:27:54 : RCon admin #0: (Global) BEC : Atenção restart automático a cada 3 horas, 06:00hrs, 09:00hrs, 12:00hrs, 15:00hrs, 18:00hrs, 21:00hrs, 00:00hrs, 03:00hrs
﻿03:27:54 : RCon admin #0: (Global) BEC : Para reportar bugs, erros, etc... Use nosso forum | www.undeadbrasil.com/forum
﻿03:27:54 : RCon admin #0: (Global) BEC : Hosting Undead Brasil Servidores | www.undeadbrasil.com/servers
﻿03:28:54 : RCon admin #0: (Global) BEC : Welcome Undead Brasil
﻿03:28:54 : RCon admin #0: (Global) BEC : Entre em nosso Team Speak 3: ts3.undeadbrasil.com
﻿03:28:54 : RCon admin #0: (Global) BEC : Hosting Undead Brasil Servidores | www.undeadbrasil.com/servers
﻿03:29:14 : RCon admin #0: (Global) BEC : Para reportar bugs, erros, etc... Use nosso forum | www.undeadbrasil.com/forum
﻿03:29:14 : RCon admin #0: (Global) BEC : Visite nossa pagina no Facebook, www.fb.com/equipeundeadbrasil
﻿03:29:14 : RCon admin #0: (Global) BEC : Visite nossa pagina no Facebook, www.fb.com/equipeundeadbrasil
﻿03:29:14 : RCon admin #0: (Global) BEC : Leia as regras do servidor
﻿03:29:34 : RCon admin #0: (Global) BEC : Visite nossa pagina no Facebook, www.fb.com/equipeundeadbrasil
﻿03:29:54 : RCon admin #0: (Global) BEC : Hosting Undead Brasil Servidores | www.undeadbrasil.com/servers
﻿03:30:34 : RCon admin #0: (Global) BEC : Para reportar bugs, erros, etc... Use nosso forum | www.undeadbrasil.com/forum
﻿03:30:54 : RCon admin #0: (Global) BEC : Hosting Undead Brasil Servidores | www.undeadbrasil.com/servers
﻿03:31:14 : RCon admin #0: (Global) BEC : Entre em nosso Team Speak 3: ts3.undeadbrasil.com
﻿03:31:54 : RCon admin #0: (Global) BEC : Hosting Undead Brasil Servidores | www.undeadbrasil.com/servers
﻿03:31:54 : RCon admin #0: (Global) BEC : Leia as regras do servidor
﻿03:31:54 : RCon admin #0: (Global) BEC : Para reportar bugs, erros, etc... Use nosso forum | www.undeadbrasil.com/forum
﻿03:31:54 : RCon admin #0: (Global) BEC : Welcome Undead Brasil
﻿03:31:54 : RCon admin #0: (Global) BEC : Atenção restart automático a cada 3 horas, 06:00hrs, 09:00hrs, 12:00hrs, 15:00hrs, 18:00hrs, 21:00hrs, 00:00hrs, 03:00hrs
﻿03:32:43 : Lost Connection!
﻿03:32:43 : Closing socket & exiting!
﻿03:33:15 : Rcon client logging in
﻿03:33:15 : RCon admin #0 (127.0.0.1:54089) logged in
﻿03:33:18 : RCon admin #1 (191.243.254.251:62329) logged in
﻿03:33:33 : Player #0 Mateuus (191.243.254.251:2304) connected
﻿03:34:11 : RCon admin #0: (Global) BEC : Hosting Undead Brasil Servidores | www.undeadbrasil.com/servers
﻿03:34:31 : RCon admin #0: (Global) BEC : Para reportar bugs, erros, etc... Use nosso forum | www.undeadbrasil.com/forum
﻿03:35:11 : RCon admin #0: (Global) BEC : Hosting Undead Brasil Servidores | www.undeadbrasil.com/servers
﻿03:35:31 : RCon admin #0: (Global) BEC : Entre em nosso Team Speak 3: ts3.undeadbrasil.com
﻿03:35:51 : RCon admin #0: (Global) BEC : Para reportar bugs, erros, etc... Use nosso forum | www.undeadbrasil.com/forum
﻿03:35:51 : RCon admin #0: (Global) BEC : Leia as regras do servidor
﻿03:36:11 : RCon admin #0: (Global) BEC : Hosting Undead Brasil Servidores | www.undeadbrasil.com/servers
﻿03:36:11 : RCon admin #0: (Global) BEC : Welcome Undead Brasil
﻿03:37:11 : RCon admin #0: (Global) BEC : Atenção restart automático a cada 3 horas, 06:00hrs, 09:00hrs, 12:00hrs, 15:00hrs, 18:00hrs, 21:00hrs, 00:00hrs, 03:00hrs
﻿03:37:11 : RCon admin #0: (Global) BEC : Para reportar bugs, erros, etc... Use nosso forum | www.undeadbrasil.com/forum
﻿03:37:11 : RCon admin #0: (Global) BEC : Hosting Undead Brasil Servidores | www.undeadbrasil.com/servers
﻿03:37:31 : RCon admin #0: (Global) BEC : Visite nossa pagina no Facebook, www.fb.com/equipeundeadbrasil
﻿03:37:51 : RCon admin #0: (Global) BEC : Entre em nosso Team Speak 3: ts3.undeadbrasil.com
﻿03:38:11 : RCon admin #0: (Global) BEC : Hosting Undead Brasil Servidores | www.undeadbrasil.com/servers
﻿03:38:31 : RCon admin #0: (Global) BEC : Visite nossa pagina no Facebook, www.fb.com/equipeundeadbrasil
﻿03:38:31 : RCon admin #0: (Global) BEC : Para reportar bugs, erros, etc... Use nosso forum | www.undeadbrasil.com/forum
﻿03:38:31 : RCon admin #0: (Global) BEC : Visite nossa pagina no Facebook, www.fb.com/equipeundeadbrasil
﻿03:38:31 : RCon admin #0: (Global) BEC : Leia as regras do servidor
﻿03:39:11 : RCon admin #0: (Global) BEC : Hosting Undead Brasil Servidores | www.undeadbrasil.com/servers
﻿03:39:11 : RCon admin #0: (Global) BEC : Welcome Undead Brasil
﻿03:39:31 : RCon admin #0: (Global) BEC : Visite nossa pagina no Facebook, www.fb.com/equipeundeadbrasil
﻿03:39:51 : RCon admin #0: (Global) BEC : Para reportar bugs, erros, etc... Use nosso forum | www.undeadbrasil.com/forum
﻿03:40:11 : RCon admin #0: (Global) BEC : Hosting Undead Brasil Servidores | www.undeadbrasil.com/servers
﻿03:40:11 : RCon admin #0: (Global) BEC : Entre em nosso Team Speak 3: ts3.undeadbrasil.com
﻿03:41:09 : Rcon client logging in
﻿03:41:09 : RCon admin #1 (127.0.0.1:50907) logged in
﻿03:41:28 : Player #0 Mateuus (191.243.254.251:2304) connected
﻿03:45:02 : RCon admin #0: (Global) [Mateuus] #shutdown
﻿03:45:15 : Lost Connection!
﻿03:45:15 : Closing socket & exiting!
﻿03:45:40 : Rcon client logging in
﻿03:45:40 : RCon admin #0 (127.0.0.1:52843) logged in
﻿03:45:42 : RCon admin #1 (191.243.254.251:60531) logged in
﻿03:48:43 : Lost Connection!
﻿03:48:43 : Closing socket & exiting!
﻿03:49:02 : Rcon client logging in
﻿03:49:02 : RCon admin #0 (127.0.0.1:58235) logged in
﻿03:49:08 : RCon admin #1 (191.243.254.251:59649) logged in
﻿03:49:13 : Lost Connection!
﻿03:49:13 : Closing socket & exiting!
﻿03:49:32 : Rcon client logging in
﻿03:49:32 : RCon admin #0 (127.0.0.1:57615) logged in
﻿03:49:40 : RCon admin #1 (191.243.254.251:57990) logged in
﻿03:58:29 : RCon admin #0: (Global) BEC : Hosting Undead Brasil Servidores | www.undeadbrasil.com/servers
﻿04:00:49 : RCon admin #0: (Global) BEC : Para reportar bugs, erros, etc... Use nosso forum | www.undeadbrasil.com/forum
﻿04:02:29 : RCon admin #0: (Global) BEC : Entre em nosso Team Speak 3: ts3.undeadbrasil.com
﻿04:04:09 : RCon admin #0: (Global) BEC : Leia as regras do servidor
﻿04:05:49 : RCon admin #0: (Global) BEC : Welcome Undead Brasil
﻿04:08:22 : No Valid response. Trying to reconnect.!
﻿04:08:22 : Rcon client logging in
﻿04:08:22 : RCon admin #0 (127.0.0.1:57615) logged in
﻿04:09:49 : RCon admin #0: (Global) BEC : Visite nossa pagina no Facebook, www.fb.com/equipeundeadbrasil
﻿04:11:29 : RCon admin #0: (Global) BEC : Visite nossa pagina no Facebook, www.fb.com/equipeundeadbrasil
﻿04:12:09 : RCon admin #0: (Global) BEC : Para reportar bugs, erros, etc... Use nosso forum | www.undeadbrasil.com/forum
﻿04:13:09 : RCon admin #0: (Global) BEC : Visite nossa pagina no Facebook, www.fb.com/equipeundeadbrasil
﻿04:14:49 : RCon admin #0: (Global) BEC : Visite nossa pagina no Facebook, www.fb.com/equipeundeadbrasil
﻿04:15:29 : RCon admin #0: (Global) BEC : Entre em nosso Team Speak 3: ts3.undeadbrasil.com
﻿04:17:22 : No Valid response. Trying to reconnect.!
﻿04:17:22 : Rcon client logging in
﻿04:17:22 : RCon admin #0 (127.0.0.1:57615) logged in
﻿04:18:49 : RCon admin #0: (Global) BEC : Leia as regras do servidor
﻿04:22:09 : RCon admin #0: (Global) BEC : Welcome Undead Brasil
﻿04:23:29 : RCon admin #0: (Global) BEC : Para reportar bugs, erros, etc... Use nosso forum | www.undeadbrasil.com/forum
﻿04:25:29 : RCon admin #0: (Global) BEC : Atenção restart automático a cada 3 horas, 06:00hrs, 09:00hrs, 12:00hrs, 15:00hrs, 18:00hrs, 21:00hrs, 00:00hrs, 03:00hrs
﻿04:25:29 : RCon admin #0: (Global) BEC : Hosting Undead Brasil Servidores | www.undeadbrasil.com/servers
﻿04:28:29 : RCon admin #0: (Global) BEC : Entre em nosso Team Speak 3: ts3.undeadbrasil.com
﻿04:30:09 : RCon admin #0: (Global) BEC : Visite nossa pagina no Facebook, www.fb.com/equipeundeadbrasil
﻿04:33:29 : RCon admin #0: (Global) BEC : Leia as regras do servidor
﻿04:33:29 : RCon admin #0: (Global) BEC : Visite nossa pagina no Facebook, www.fb.com/equipeundeadbrasil
﻿04:34:29 : RCon admin #0: (Global) BEC : Hosting Undead Brasil Servidores | www.undeadbrasil.com/servers
﻿04:34:49 : RCon admin #0: (Global) BEC : Para reportar bugs, erros, etc... Use nosso forum | www.undeadbrasil.com/forum
﻿04:36:49 : RCon admin #0: (Global) BEC : Visite nossa pagina no Facebook, www.fb.com/equipeundeadbrasil
﻿04:38:29 : RCon admin #0: (Global) BEC : Welcome Undead Brasil
﻿04:40:09 : RCon admin #0: (Global) BEC : Visite nossa pagina no Facebook, www.fb.com/equipeundeadbrasil
﻿04:41:29 : RCon admin #0: (Global) BEC : Entre em nosso Team Speak 3: ts3.undeadbrasil.com
﻿04:43:29 : RCon admin #0: (Global) BEC : Atenção restart automático a cada 3 horas, 06:00hrs, 09:00hrs, 12:00hrs, 15:00hrs, 18:00hrs, 21:00hrs, 00:00hrs, 03:00hrs
﻿04:43:29 : RCon admin #0: (Global) BEC : Hosting Undead Brasil Servidores | www.undeadbrasil.com/servers
﻿04:46:09 : RCon admin #0: (Global) BEC : Para reportar bugs, erros, etc... Use nosso forum | www.undeadbrasil.com/forum
﻿04:48:09 : RCon admin #0: (Global) BEC : Leia as regras do servidor
﻿04:50:29 : RCon admin #0: (Global) BEC : Visite nossa pagina no Facebook, www.fb.com/equipeundeadbrasil
﻿04:52:29 : RCon admin #0: (Global) BEC : Hosting Undead Brasil Servidores | www.undeadbrasil.com/servers
﻿04:54:29 : RCon admin #0: (Global) BEC : Entre em nosso Team Speak 3: ts3.undeadbrasil.com
﻿04:54:49 : RCon admin #0: (Global) BEC : Welcome Undead Brasil
﻿04:55:29 : RCon admin #0: (Global) BEC : Visite nossa pagina no Facebook, www.fb.com/equipeundeadbrasil
﻿04:57:29 : RCon admin #0: (Global) BEC : Para reportar bugs, erros, etc... Use nosso forum | www.undeadbrasil.com/forum
﻿05:00:29 : RCon admin #0: (Global) BEC : Visite nossa pagina no Facebook, www.fb.com/equipeundeadbrasil
﻿05:01:29 : RCon admin #0: (Global) BEC : Hosting Undead Brasil Servidores | www.undeadbrasil.com/servers
﻿05:01:29 : RCon admin #0: (Global) BEC : Atenção restart automático a cada 3 horas, 06:00hrs, 09:00hrs, 12:00hrs, 15:00hrs, 18:00hrs, 21:00hrs, 00:00hrs, 03:00hrs
﻿05:02:49 : RCon admin #0: (Global) BEC : Leia as regras do servidor
﻿05:05:29 : RCon admin #0: (Global) BEC : Visite nossa pagina no Facebook, www.fb.com/equipeundeadbrasil
﻿05:07:29 : RCon admin #0: (Global) BEC : Entre em nosso Team Speak 3: ts3.undeadbrasil.com
﻿05:08:49 : RCon admin #0: (Global) BEC : Para reportar bugs, erros, etc... Use nosso forum | www.undeadbrasil.com/forum
﻿05:10:29 : RCon admin #0: (Global) BEC : Hosting Undead Brasil Servidores | www.undeadbrasil.com/servers
﻿05:10:49 : RCon admin #0: (Global) BEC : Visite nossa pagina no Facebook, www.fb.com/equipeundeadbrasil
﻿05:11:09 : RCon admin #0: (Global) BEC : Welcome Undead Brasil
﻿05:17:29 : RCon admin #0: (Global) BEC : Leia as regras do servidor
﻿05:17:29 : RCon admin #0: (Global) BEC : Visite nossa pagina no Facebook, www.fb.com/equipeundeadbrasil
﻿05:19:29 : RCon admin #0: (Global) BEC : Hosting Undead Brasil Servidores | www.undeadbrasil.com/servers
﻿05:19:29 : RCon admin #0: (Global) BEC : Atenção restart automático a cada 3 horas, 06:00hrs, 09:00hrs, 12:00hrs, 15:00hrs, 18:00hrs, 21:00hrs, 00:00hrs, 03:00hrs
﻿05:20:09 : RCon admin #0: (Global) BEC : Para reportar bugs, erros, etc... Use nosso forum | www.undeadbrasil.com/forum
﻿05:20:29 : RCon admin #0: (Global) BEC : Entre em nosso Team Speak 3: ts3.undeadbrasil.com
﻿05:24:09 : RCon admin #0: (Global) BEC : Visite nossa pagina no Facebook, www.fb.com/equipeundeadbrasil
﻿05:27:29 : RCon admin #0: (Global) BEC : Welcome Undead Brasil
﻿05:28:29 : RCon admin #0: (Global) BEC : Hosting Undead Brasil Servidores | www.undeadbrasil.com/servers
﻿05:30:49 : RCon admin #0: (Global) BEC : Visite nossa pagina no Facebook, www.fb.com/equipeundeadbrasil
﻿05:31:09 : RCon admin #0: (Global) BEC : Visite nossa pagina no Facebook, www.fb.com/equipeundeadbrasil
﻿05:31:29 : RCon admin #0: (Global) BEC : Para reportar bugs, erros, etc... Use nosso forum | www.undeadbrasil.com/forum
﻿05:32:09 : RCon admin #0: (Global) BEC : Leia as regras do servidor
﻿05:33:29 : RCon admin #0: (Global) BEC : Entre em nosso Team Speak 3: ts3.undeadbrasil.com
﻿05:37:29 : RCon admin #0: (Global) BEC : Atenção restart automático a cada 3 horas, 06:00hrs, 09:00hrs, 12:00hrs, 15:00hrs, 18:00hrs, 21:00hrs, 00:00hrs, 03:00hrs
﻿05:37:29 : RCon admin #0: (Global) BEC : Hosting Undead Brasil Servidores | www.undeadbrasil.com/servers
﻿05:39:29 : RCon admin #0: (Global) BEC : Visite nossa pagina no Facebook, www.fb.com/equipeundeadbrasil
﻿05:42:49 : RCon admin #0: (Global) BEC : Para reportar bugs, erros, etc... Use nosso forum | www.undeadbrasil.com/forum
﻿05:43:49 : RCon admin #0: (Global) BEC : Welcome Undead Brasil
﻿05:45:00 : RCon admin #0: (Global) BEC : Servidor irá reniciar em 15 minutos...
﻿05:46:29 : RCon admin #0: (Global) BEC : Hosting Undead Brasil Servidores | www.undeadbrasil.com/servers
﻿05:46:29 : RCon admin #0: (Global) BEC : Entre em nosso Team Speak 3: ts3.undeadbrasil.com
﻿05:46:49 : RCon admin #0: (Global) BEC : Leia as regras do servidor
﻿05:47:49 : RCon admin #0: (Global) BEC : Visite nossa pagina no Facebook, www.fb.com/equipeundeadbrasil
﻿05:50:00 : RCon admin #0: (Global) BEC : Servidor irá reniciar em 10 minutos...
﻿05:51:29 : RCon admin #0: (Global) BEC : Visite nossa pagina no Facebook, www.fb.com/equipeundeadbrasil
﻿05:54:09 : RCon admin #0: (Global) BEC : Para reportar bugs, erros, etc... Use nosso forum | www.undeadbrasil.com/forum
﻿05:55:00 : RCon admin #0: (Global) BEC : Servidor irá reniciar em 5 minutos...
﻿05:55:29 : RCon admin #0: (Global) BEC : Hosting Undead Brasil Servidores | www.undeadbrasil.com/servers
﻿05:55:29 : RCon admin #0: (Global) BEC : Atenção restart automático a cada 3 horas, 06:00hrs, 09:00hrs, 12:00hrs, 15:00hrs, 18:00hrs, 21:00hrs, 00:00hrs, 03:00hrs
﻿05:56:09 : RCon admin #0: (Global) BEC : Visite nossa pagina no Facebook, www.fb.com/equipeundeadbrasil
﻿05:57:00 : RCon admin #0: (Global) BEC : Servidor irá reniciar em 3 minutos, Por favor aterrissa seus helicóptero para evitar problemas...
﻿05:59:00 : RCon admin #0: (Global) BEC : Servidor irá reniciar em 1 minutos, Por favor abra o Menu(TAB), e salve seu personagem...
﻿05:59:29 : RCon admin #0: (Global) BEC : Entre em nosso Team Speak 3: ts3.undeadbrasil.com
﻿06:00:01 : Lost Connection!
﻿06:00:01 : Closing socket & exiting!
﻿06:00:27 : Rcon client logging in
﻿06:00:28 : RCon admin #1 (127.0.0.1:61832) logged in
﻿06:03:43 : Player #0 Mateuus disconnected
﻿06:09:23 : RCon admin #1: (Global) BEC : Hosting Undead Brasil Servidores | www.undeadbrasil.com/servers
﻿06:11:43 : RCon admin #1: (Global) BEC : Para reportar bugs, erros, etc... Use nosso forum | www.undeadbrasil.com/forum
﻿06:13:23 : RCon admin #1: (Global) BEC : Entre em nosso Team Speak 3: ts3.undeadbrasil.com
﻿06:15:04 : RCon admin #1: (Global) BEC : Leia as regras do servidor
﻿06:16:43 : RCon admin #1: (Global) BEC : Welcome Undead Brasil
﻿06:18:23 : RCon admin #1: (Global) BEC : Atenção restart automático a cada 3 horas, 06:00hrs, 09:00hrs, 12:00hrs, 15:00hrs, 18:00hrs, 21:00hrs, 00:00hrs, 03:00hrs
﻿06:18:24 : RCon admin #1: (Global) BEC : Hosting Undead Brasil Servidores | www.undeadbrasil.com/servers
﻿06:20:44 : RCon admin #1: (Global) BEC : Visite nossa pagina no Facebook, www.fb.com/equipeundeadbrasil
﻿06:22:24 : RCon admin #1: (Global) BEC : Visite nossa pagina no Facebook, www.fb.com/equipeundeadbrasil
﻿06:23:04 : RCon admin #1: (Global) BEC : Para reportar bugs, erros, etc... Use nosso forum | www.undeadbrasil.com/forum
﻿06:24:04 : RCon admin #1: (Global) BEC : Visite nossa pagina no Facebook, www.fb.com/equipeundeadbrasil
﻿06:25:44 : RCon admin #1: (Global) BEC : Visite nossa pagina no Facebook, www.fb.com/equipeundeadbrasil
﻿06:26:23 : RCon admin #1: (Global) BEC : Entre em nosso Team Speak 3: ts3.undeadbrasil.com
﻿06:27:23 : RCon admin #1: (Global) BEC : Hosting Undead Brasil Servidores | www.undeadbrasil.com/servers
﻿06:29:43 : RCon admin #1: (Global) BEC : Leia as regras do servidor
﻿06:33:04 : RCon admin #1: (Global) BEC : Welcome Undead Brasil
﻿06:34:23 : RCon admin #1: (Global) BEC : Para reportar bugs, erros, etc... Use nosso forum | www.undeadbrasil.com/forum
﻿06:36:23 : RCon admin #1: (Global) BEC : Hosting Undead Brasil Servidores | www.undeadbrasil.com/servers
﻿06:36:24 : RCon admin #1: (Global) BEC : Atenção restart automático a cada 3 horas, 06:00hrs, 09:00hrs, 12:00hrs, 15:00hrs, 18:00hrs, 21:00hrs, 00:00hrs, 03:00hrs
﻿06:39:23 : RCon admin #1: (Global) BEC : Entre em nosso Team Speak 3: ts3.undeadbrasil.com
﻿06:41:04 : RCon admin #1: (Global) BEC : Visite nossa pagina no Facebook, www.fb.com/equipeundeadbrasil
﻿06:44:23 : RCon admin #1: (Global) BEC : Leia as regras do servidor
﻿06:44:24 : RCon admin #1: (Global) BEC : Visite nossa pagina no Facebook, www.fb.com/equipeundeadbrasil
﻿06:45:23 : RCon admin #1: (Global) BEC : Hosting Undead Brasil Servidores | www.undeadbrasil.com/servers
﻿06:45:43 : RCon admin #1: (Global) BEC : Para reportar bugs, erros, etc... Use nosso forum | www.undeadbrasil.com/forum
﻿06:47:44 : RCon admin #1: (Global) BEC : Visite nossa pagina no Facebook, www.fb.com/equipeundeadbrasil
﻿06:49:23 : RCon admin #1: (Global) BEC : Welcome Undead Brasil
﻿06:51:04 : RCon admin #1: (Global) BEC : Visite nossa pagina no Facebook, www.fb.com/equipeundeadbrasil
﻿06:52:23 : RCon admin #1: (Global) BEC : Entre em nosso Team Speak 3: ts3.undeadbrasil.com
﻿06:54:23 : RCon admin #1: (Global) BEC : Atenção restart automático a cada 3 horas, 06:00hrs, 09:00hrs, 12:00hrs, 15:00hrs, 18:00hrs, 21:00hrs, 00:00hrs, 03:00hrs
﻿06:54:24 : RCon admin #1: (Global) BEC : Hosting Undead Brasil Servidores | www.undeadbrasil.com/servers
﻿06:57:04 : RCon admin #1: (Global) BEC : Para reportar bugs, erros, etc... Use nosso forum | www.undeadbrasil.com/forum
﻿06:59:04 : RCon admin #1: (Global) BEC : Leia as regras do servidor
﻿07:01:24 : RCon admin #1: (Global) BEC : Visite nossa pagina no Facebook, www.fb.com/equipeundeadbrasil
﻿07:03:23 : RCon admin #1: (Global) BEC : Hosting Undead Brasil Servidores | www.undeadbrasil.com/servers
﻿07:05:23 : RCon admin #1: (Global) BEC : Entre em nosso Team Speak 3: ts3.undeadbrasil.com
﻿07:05:43 : RCon admin #1: (Global) BEC : Welcome Undead Brasil
﻿07:06:24 : RCon admin #1: (Global) BEC : Visite nossa pagina no Facebook, www.fb.com/equipeundeadbrasil
﻿07:08:23 : RCon admin #1: (Global) BEC : Para reportar bugs, erros, etc... Use nosso forum | www.undeadbrasil.com/forum
﻿07:11:24 : RCon admin #1: (Global) BEC : Visite nossa pagina no Facebook, www.fb.com/equipeundeadbrasil
﻿07:12:23 : RCon admin #1: (Global) BEC : Hosting Undead Brasil Servidores | www.undeadbrasil.com/servers
﻿07:12:24 : RCon admin #1: (Global) BEC : Atenção restart automático a cada 3 horas, 06:00hrs, 09:00hrs, 12:00hrs, 15:00hrs, 18:00hrs, 21:00hrs, 00:00hrs, 03:00hrs
﻿07:13:43 : RCon admin #1: (Global) BEC : Leia as regras do servidor
﻿07:16:24 : RCon admin #1: (Global) BEC : Visite nossa pagina no Facebook, www.fb.com/equipeundeadbrasil
﻿07:18:23 : RCon admin #1: (Global) BEC : Entre em nosso Team Speak 3: ts3.undeadbrasil.com
﻿07:19:43 : RCon admin #1: (Global) BEC : Para reportar bugs, erros, etc... Use nosso forum | www.undeadbrasil.com/forum
﻿07:21:23 : RCon admin #1: (Global) BEC : Hosting Undead Brasil Servidores | www.undeadbrasil.com/servers
﻿07:21:44 : RCon admin #1: (Global) BEC : Visite nossa pagina no Facebook, www.fb.com/equipeundeadbrasil
﻿07:22:04 : RCon admin #1: (Global) BEC : Welcome Undead Brasil
﻿07:28:23 : RCon admin #1: (Global) BEC : Leia as regras do servidor
﻿07:28:24 : RCon admin #1: (Global) BEC : Visite nossa pagina no Facebook, www.fb.com/equipeundeadbrasil
﻿07:30:23 : RCon admin #1: (Global) BEC : Atenção restart automático a cada 3 horas, 06:00hrs, 09:00hrs, 12:00hrs, 15:00hrs, 18:00hrs, 21:00hrs, 00:00hrs, 03:00hrs
﻿07:30:24 : RCon admin #1: (Global) BEC : Hosting Undead Brasil Servidores | www.undeadbrasil.com/servers
﻿07:31:04 : RCon admin #1: (Global) BEC : Para reportar bugs, erros, etc... Use nosso forum | www.undeadbrasil.com/forum
﻿07:31:23 : RCon admin #1: (Global) BEC : Entre em nosso Team Speak 3: ts3.undeadbrasil.com
﻿07:35:04 : RCon admin #1: (Global) BEC : Visite nossa pagina no Facebook, www.fb.com/equipeundeadbrasil
﻿07:38:23 : RCon admin #1: (Global) BEC : Welcome Undead Brasil
﻿07:39:23 : RCon admin #1: (Global) BEC : Hosting Undead Brasil Servidores | www.undeadbrasil.com/servers
﻿07:41:44 : RCon admin #1: (Global) BEC : Visite nossa pagina no Facebook, www.fb.com/equipeundeadbrasil
﻿07:42:04 : RCon admin #1: (Global) BEC : Visite nossa pagina no Facebook, www.fb.com/equipeundeadbrasil
﻿07:42:23 : RCon admin #1: (Global) BEC : Para reportar bugs, erros, etc... Use nosso forum | www.undeadbrasil.com/forum
﻿07:43:04 : RCon admin #1: (Global) BEC : Leia as regras do servidor
﻿07:44:23 : RCon admin #1: (Global) BEC : Entre em nosso Team Speak 3: ts3.undeadbrasil.com
﻿07:45:00 : RCon admin #1: (Global) BEC : Servidor irá reniciar em 15 minutos...
﻿07:48:23 : RCon admin #1: (Global) BEC : Atenção restart automático a cada 3 horas, 06:00hrs, 09:00hrs, 12:00hrs, 15:00hrs, 18:00hrs, 21:00hrs, 00:00hrs, 03:00hrs
﻿07:48:24 : RCon admin #1: (Global) BEC : Hosting Undead Brasil Servidores | www.undeadbrasil.com/servers
﻿07:50:00 : RCon admin #1: (Global) BEC : Servidor irá reniciar em 10 minutos...
﻿07:50:24 : RCon admin #1: (Global) BEC : Visite nossa pagina no Facebook, www.fb.com/equipeundeadbrasil
﻿07:53:43 : RCon admin #1: (Global) BEC : Para reportar bugs, erros, etc... Use nosso forum | www.undeadbrasil.com/forum
﻿07:54:43 : RCon admin #1: (Global) BEC : Welcome Undead Brasil
﻿07:55:00 : RCon admin #1: (Global) BEC : Servidor irá reniciar em 5 minutos...
﻿07:57:00 : RCon admin #1: (Global) BEC : Servidor irá reniciar em 3 minutos, Por favor aterrissa seus helicóptero para evitar problemas...
﻿07:57:23 : RCon admin #1: (Global) BEC : Hosting Undead Brasil Servidores | www.undeadbrasil.com/servers
﻿07:57:24 : RCon admin #1: (Global) BEC : Entre em nosso Team Speak 3: ts3.undeadbrasil.com
﻿07:57:43 : RCon admin #1: (Global) BEC : Leia as regras do servidor
﻿07:58:44 : RCon admin #1: (Global) BEC : Visite nossa pagina no Facebook, www.fb.com/equipeundeadbrasil
﻿07:59:00 : RCon admin #1: (Global) BEC : Servidor irá reniciar em 1 minutos, Por favor abra o Menu(TAB), e salve seu personagem...
﻿08:02:24 : RCon admin #1: (Global) BEC : Visite nossa pagina no Facebook, www.fb.com/equipeundeadbrasil
﻿08:05:04 : RCon admin #1: (Global) BEC : Para reportar bugs, erros, etc... Use nosso forum | www.undeadbrasil.com/forum
﻿08:06:23 : RCon admin #1: (Global) BEC : Hosting Undead Brasil Servidores | www.undeadbrasil.com/servers
﻿08:06:24 : RCon admin #1: (Global) BEC : Atenção restart automático a cada 3 horas, 06:00hrs, 09:00hrs, 12:00hrs, 15:00hrs, 18:00hrs, 21:00hrs, 00:00hrs, 03:00hrs
﻿08:07:04 : RCon admin #1: (Global) BEC : Visite nossa pagina no Facebook, www.fb.com/equipeundeadbrasil
﻿08:10:23 : RCon admin #1: (Global) BEC : Entre em nosso Team Speak 3: ts3.undeadbrasil.com
﻿08:11:04 : RCon admin #1: (Global) BEC : Welcome Undead Brasil
﻿08:12:23 : RCon admin #1: (Global) BEC : Leia as regras do servidor
﻿08:12:24 : RCon admin #1: (Global) BEC : Visite nossa pagina no Facebook, www.fb.com/equipeundeadbrasil
﻿08:15:23 : RCon admin #1: (Global) BEC : Hosting Undead Brasil Servidores | www.undeadbrasil.com/servers
﻿08:16:23 : RCon admin #1: (Global) BEC : Para reportar bugs, erros, etc... Use nosso forum | www.undeadbrasil.com/forum
﻿08:22:24 : RCon admin #1: (Global) BEC : Visite nossa pagina no Facebook, www.fb.com/equipeundeadbrasil
﻿08:22:44 : RCon admin #1: (Global) BEC : Visite nossa pagina no Facebook, www.fb.com/equipeundeadbrasil
﻿08:23:23 : RCon admin #1: (Global) BEC : Entre em nosso Team Speak 3: ts3.undeadbrasil.com
﻿08:24:23 : RCon admin #1: (Global) BEC : Hosting Undead Brasil Servidores | www.undeadbrasil.com/servers
﻿08:24:24 : RCon admin #1: (Global) BEC : Atenção restart automático a cada 3 horas, 06:00hrs, 09:00hrs, 12:00hrs, 15:00hrs, 18:00hrs, 21:00hrs, 00:00hrs, 03:00hrs
﻿08:27:04 : RCon admin #1: (Global) BEC : Leia as regras do servidor
﻿08:27:23 : RCon admin #1: (Global) BEC : Welcome Undead Brasil
﻿08:27:43 : RCon admin #1: (Global) BEC : Para reportar bugs, erros, etc... Use nosso forum | www.undeadbrasil.com/forum
﻿08:32:24 : RCon admin #1: (Global) BEC : Visite nossa pagina no Facebook, www.fb.com/equipeundeadbrasil
﻿08:33:23 : RCon admin #1: (Global) BEC : Hosting Undead Brasil Servidores | www.undeadbrasil.com/servers
﻿08:34:24 : RCon admin #1: (Global) BEC : Visite nossa pagina no Facebook, www.fb.com/equipeundeadbrasil
﻿08:36:23 : RCon admin #1: (Global) BEC : Entre em nosso Team Speak 3: ts3.undeadbrasil.com
﻿08:39:04 : RCon admin #1: (Global) BEC : Para reportar bugs, erros, etc... Use nosso forum | www.undeadbrasil.com/forum
﻿08:41:43 : RCon admin #1: (Global) BEC : Leia as regras do servidor
﻿08:42:23 : RCon admin #1: (Global) BEC : Atenção restart automático a cada 3 horas, 06:00hrs, 09:00hrs, 12:00hrs, 15:00hrs, 18:00hrs, 21:00hrs, 00:00hrs, 03:00hrs
﻿08:42:24 : RCon admin #1: (Global) BEC : Hosting Undead Brasil Servidores | www.undeadbrasil.com/servers
﻿08:43:04 : RCon admin #1: (Global) BEC : Visite nossa pagina no Facebook, www.fb.com/equipeundeadbrasil
﻿08:43:43 : RCon admin #1: (Global) BEC : Welcome Undead Brasil
﻿08:46:04 : RCon admin #1: (Global) BEC : Visite nossa pagina no Facebook, www.fb.com/equipeundeadbrasil
﻿08:49:23 : RCon admin #1: (Global) BEC : Entre em nosso Team Speak 3: ts3.undeadbrasil.com
﻿08:50:23 : RCon admin #1: (Global) BEC : Para reportar bugs, erros, etc... Use nosso forum | www.undeadbrasil.com/forum
﻿08:51:23 : RCon admin #1: (Global) BEC : Hosting Undead Brasil Servidores | www.undeadbrasil.com/servers
﻿08:56:23 : RCon admin #1: (Global) BEC : Leia as regras do servidor
﻿08:56:24 : RCon admin #1: (Global) BEC : Visite nossa pagina no Facebook, www.fb.com/equipeundeadbrasil
﻿08:57:44 : RCon admin #1: (Global) BEC : Visite nossa pagina no Facebook, www.fb.com/equipeundeadbrasil
﻿09:00:01 : Lost Connection!
﻿09:00:01 : Closing socket & exiting!
﻿09:00:27 : Rcon client logging in
﻿09:00:27 : RCon admin #0 (127.0.0.1:62186) logged in
﻿09:09:24 : RCon admin #0: (Global) BEC : Hosting Undead Brasil Servidores | www.undeadbrasil.com/servers
﻿09:11:44 : RCon admin #0: (Global) BEC : Para reportar bugs, erros, etc... Use nosso forum | www.undeadbrasil.com/forum
﻿09:13:24 : RCon admin #0: (Global) BEC : Entre em nosso Team Speak 3: ts3.undeadbrasil.com
﻿09:15:04 : RCon admin #0: (Global) BEC : Leia as regras do servidor
﻿09:16:44 : RCon admin #0: (Global) BEC : Welcome Undead Brasil
﻿09:18:24 : RCon admin #0: (Global) BEC : Hosting Undead Brasil Servidores | www.undeadbrasil.com/servers
﻿09:18:24 : RCon admin #0: (Global) BEC : Atenção restart automático a cada 3 horas, 06:00hrs, 09:00hrs, 12:00hrs, 15:00hrs, 18:00hrs, 21:00hrs, 00:00hrs, 03:00hrs
﻿09:20:44 : RCon admin #0: (Global) BEC : Visite nossa pagina no Facebook, www.fb.com/equipeundeadbrasil
﻿09:22:24 : RCon admin #0: (Global) BEC : Visite nossa pagina no Facebook, www.fb.com/equipeundeadbrasil
﻿09:23:04 : RCon admin #0: (Global) BEC : Para reportar bugs, erros, etc... Use nosso forum | www.undeadbrasil.com/forum
﻿09:24:04 : RCon admin #0: (Global) BEC : Visite nossa pagina no Facebook, www.fb.com/equipeundeadbrasil
﻿09:25:44 : RCon admin #0: (Global) BEC : Visite nossa pagina no Facebook, www.fb.com/equipeundeadbrasil
﻿09:26:24 : RCon admin #0: (Global) BEC : Entre em nosso Team Speak 3: ts3.undeadbrasil.com
﻿09:27:24 : RCon admin #0: (Global) BEC : Hosting Undead Brasil Servidores | www.undeadbrasil.com/servers
﻿09:29:44 : RCon admin #0: (Global) BEC : Leia as regras do servidor
﻿09:33:04 : RCon admin #0: (Global) BEC : Welcome Undead Brasil
﻿09:34:24 : RCon admin #0: (Global) BEC : Para reportar bugs, erros, etc... Use nosso forum | www.undeadbrasil.com/forum
﻿09:36:24 : RCon admin #0: (Global) BEC : Atenção restart automático a cada 3 horas, 06:00hrs, 09:00hrs, 12:00hrs, 15:00hrs, 18:00hrs, 21:00hrs, 00:00hrs, 03:00hrs
﻿09:36:24 : RCon admin #0: (Global) BEC : Hosting Undead Brasil Servidores | www.undeadbrasil.com/servers
﻿09:39:24 : RCon admin #0: (Global) BEC : Entre em nosso Team Speak 3: ts3.undeadbrasil.com
﻿09:41:04 : RCon admin #0: (Global) BEC : Visite nossa pagina no Facebook, www.fb.com/equipeundeadbrasil
﻿09:44:24 : RCon admin #0: (Global) BEC : Leia as regras do servidor
﻿09:44:24 : RCon admin #0: (Global) BEC : Visite nossa pagina no Facebook, www.fb.com/equipeundeadbrasil
﻿09:45:24 : RCon admin #0: (Global) BEC : Hosting Undead Brasil Servidores | www.undeadbrasil.com/servers
﻿09:45:44 : RCon admin #0: (Global) BEC : Para reportar bugs, erros, etc... Use nosso forum | www.undeadbrasil.com/forum
﻿09:47:44 : RCon admin #0: (Global) BEC : Visite nossa pagina no Facebook, www.fb.com/equipeundeadbrasil
﻿09:49:24 : RCon admin #0: (Global) BEC : Welcome Undead Brasil
﻿09:51:04 : RCon admin #0: (Global) BEC : Visite nossa pagina no Facebook, www.fb.com/equipeundeadbrasil
﻿09:52:24 : RCon admin #0: (Global) BEC : Entre em nosso Team Speak 3: ts3.undeadbrasil.com
﻿09:54:24 : RCon admin #0: (Global) BEC : Hosting Undead Brasil Servidores | www.undeadbrasil.com/servers
﻿09:54:24 : RCon admin #0: (Global) BEC : Atenção restart automático a cada 3 horas, 06:00hrs, 09:00hrs, 12:00hrs, 15:00hrs, 18:00hrs, 21:00hrs, 00:00hrs, 03:00hrs
﻿09:57:04 : RCon admin #0: (Global) BEC : Para reportar bugs, erros, etc... Use nosso forum | www.undeadbrasil.com/forum
﻿09:59:04 : RCon admin #0: (Global) BEC : Leia as regras do servidor
﻿10:01:24 : RCon admin #0: (Global) BEC : Visite nossa pagina no Facebook, www.fb.com/equipeundeadbrasil
﻿10:03:24 : RCon admin #0: (Global) BEC : Hosting Undead Brasil Servidores | www.undeadbrasil.com/servers
﻿10:05:24 : RCon admin #0: (Global) BEC : Entre em nosso Team Speak 3: ts3.undeadbrasil.com
﻿10:05:44 : RCon admin #0: (Global) BEC : Welcome Undead Brasil
﻿10:06:24 : RCon admin #0: (Global) BEC : Visite nossa pagina no Facebook, www.fb.com/equipeundeadbrasil
﻿10:08:24 : RCon admin #0: (Global) BEC : Para reportar bugs, erros, etc... Use nosso forum | www.undeadbrasil.com/forum
﻿10:11:24 : RCon admin #0: (Global) BEC : Visite nossa pagina no Facebook, www.fb.com/equipeundeadbrasil
﻿10:12:24 : RCon admin #0: (Global) BEC : Atenção restart automático a cada 3 horas, 06:00hrs, 09:00hrs, 12:00hrs, 15:00hrs, 18:00hrs, 21:00hrs, 00:00hrs, 03:00hrs
﻿10:12:24 : RCon admin #0: (Global) BEC : Hosting Undead Brasil Servidores | www.undeadbrasil.com/servers
﻿10:13:44 : RCon admin #0: (Global) BEC : Leia as regras do servidor
﻿10:16:24 : RCon admin #0: (Global) BEC : Visite nossa pagina no Facebook, www.fb.com/equipeundeadbrasil
﻿10:18:24 : RCon admin #0: (Global) BEC : Entre em nosso Team Speak 3: ts3.undeadbrasil.com
﻿10:19:44 : RCon admin #0: (Global) BEC : Para reportar bugs, erros, etc... Use nosso forum | www.undeadbrasil.com/forum
﻿10:21:24 : RCon admin #0: (Global) BEC : Hosting Undead Brasil Servidores | www.undeadbrasil.com/servers
﻿10:21:44 : RCon admin #0: (Global) BEC : Visite nossa pagina no Facebook, www.fb.com/equipeundeadbrasil
﻿10:22:04 : RCon admin #0: (Global) BEC : Welcome Undead Brasil
﻿10:28:24 : RCon admin #0: (Global) BEC : Leia as regras do servidor
﻿10:28:24 : RCon admin #0: (Global) BEC : Visite nossa pagina no Facebook, www.fb.com/equipeundeadbrasil
﻿10:30:24 : RCon admin #0: (Global) BEC : Hosting Undead Brasil Servidores | www.undeadbrasil.com/servers
﻿10:30:24 : RCon admin #0: (Global) BEC : Atenção restart automático a cada 3 horas, 06:00hrs, 09:00hrs, 12:00hrs, 15:00hrs, 18:00hrs, 21:00hrs, 00:00hrs, 03:00hrs
﻿10:31:04 : RCon admin #0: (Global) BEC : Para reportar bugs, erros, etc... Use nosso forum | www.undeadbrasil.com/forum
﻿10:31:24 : RCon admin #0: (Global) BEC : Entre em nosso Team Speak 3: ts3.undeadbrasil.com
﻿10:35:04 : RCon admin #0: (Global) BEC : Visite nossa pagina no Facebook, www.fb.com/equipeundeadbrasil
﻿10:38:24 : RCon admin #0: (Global) BEC : Welcome Undead Brasil
﻿10:39:24 : RCon admin #0: (Global) BEC : Hosting Undead Brasil Servidores | www.undeadbrasil.com/servers
﻿10:41:44 : RCon admin #0: (Global) BEC : Visite nossa pagina no Facebook, www.fb.com/equipeundeadbrasil
﻿10:42:04 : RCon admin #0: (Global) BEC : Visite nossa pagina no Facebook, www.fb.com/equipeundeadbrasil
﻿10:42:24 : RCon admin #0: (Global) BEC : Para reportar bugs, erros, etc... Use nosso forum | www.undeadbrasil.com/forum
﻿10:43:04 : RCon admin #0: (Global) BEC : Leia as regras do servidor
﻿10:44:24 : RCon admin #0: (Global) BEC : Entre em nosso Team Speak 3: ts3.undeadbrasil.com
﻿10:48:24 : RCon admin #0: (Global) BEC : Atenção restart automático a cada 3 horas, 06:00hrs, 09:00hrs, 12:00hrs, 15:00hrs, 18:00hrs, 21:00hrs, 00:00hrs, 03:00hrs
﻿10:48:24 : RCon admin #0: (Global) BEC : Hosting Undead Brasil Servidores | www.undeadbrasil.com/servers
﻿10:50:24 : RCon admin #0: (Global) BEC : Visite nossa pagina no Facebook, www.fb.com/equipeundeadbrasil
﻿10:53:44 : RCon admin #0: (Global) BEC : Para reportar bugs, erros, etc... Use nosso forum | www.undeadbrasil.com/forum
﻿10:54:44 : RCon admin #0: (Global) BEC : Welcome Undead Brasil
﻿10:57:24 : RCon admin #0: (Global) BEC : Entre em nosso Team Speak 3: ts3.undeadbrasil.com
﻿10:57:24 : RCon admin #0: (Global) BEC : Hosting Undead Brasil Servidores | www.undeadbrasil.com/servers
﻿10:57:44 : RCon admin #0: (Global) BEC : Leia as regras do servidor
﻿10:58:44 : RCon admin #0: (Global) BEC : Visite nossa pagina no Facebook, www.fb.com/equipeundeadbrasil
﻿11:02:24 : RCon admin #0: (Global) BEC : Visite nossa pagina no Facebook, www.fb.com/equipeundeadbrasil
﻿11:05:04 : RCon admin #0: (Global) BEC : Para reportar bugs, erros, etc... Use nosso forum | www.undeadbrasil.com/forum
﻿11:06:24 : RCon admin #0: (Global) BEC : Hosting Undead Brasil Servidores | www.undeadbrasil.com/servers
﻿11:06:24 : RCon admin #0: (Global) BEC : Atenção restart automático a cada 3 horas, 06:00hrs, 09:00hrs, 12:00hrs, 15:00hrs, 18:00hrs, 21:00hrs, 00:00hrs, 03:00hrs
﻿11:07:04 : RCon admin #0: (Global) BEC : Visite nossa pagina no Facebook, www.fb.com/equipeundeadbrasil
﻿11:10:24 : RCon admin #0: (Global) BEC : Entre em nosso Team Speak 3: ts3.undeadbrasil.com
﻿11:11:04 : RCon admin #0: (Global) BEC : Welcome Undead Brasil
﻿11:12:24 : RCon admin #0: (Global) BEC : Leia as regras do servidor
﻿11:12:24 : RCon admin #0: (Global) BEC : Visite nossa pagina no Facebook, www.fb.com/equipeundeadbrasil
﻿11:15:24 : RCon admin #0: (Global) BEC : Hosting Undead Brasil Servidores | www.undeadbrasil.com/servers
﻿11:16:24 : RCon admin #0: (Global) BEC : Para reportar bugs, erros, etc... Use nosso forum | www.undeadbrasil.com/forum
﻿11:22:24 : RCon admin #0: (Global) BEC : Visite nossa pagina no Facebook, www.fb.com/equipeundeadbrasil
﻿11:22:44 : RCon admin #0: (Global) BEC : Visite nossa pagina no Facebook, www.fb.com/equipeundeadbrasil
﻿11:23:24 : RCon admin #0: (Global) BEC : Entre em nosso Team Speak 3: ts3.undeadbrasil.com
﻿11:24:24 : RCon admin #0: (Global) BEC : Hosting Undead Brasil Servidores | www.undeadbrasil.com/servers
﻿11:24:24 : RCon admin #0: (Global) BEC : Atenção restart automático a cada 3 horas, 06:00hrs, 09:00hrs, 12:00hrs, 15:00hrs, 18:00hrs, 21:00hrs, 00:00hrs, 03:00hrs
﻿11:27:04 : RCon admin #0: (Global) BEC : Leia as regras do servidor
﻿11:27:24 : RCon admin #0: (Global) BEC : Welcome Undead Brasil
﻿11:27:44 : RCon admin #0: (Global) BEC : Para reportar bugs, erros, etc... Use nosso forum | www.undeadbrasil.com/forum
﻿11:32:24 : RCon admin #0: (Global) BEC : Visite nossa pagina no Facebook, www.fb.com/equipeundeadbrasil
﻿11:33:24 : RCon admin #0: (Global) BEC : Hosting Undead Brasil Servidores | www.undeadbrasil.com/servers
﻿11:34:24 : RCon admin #0: (Global) BEC : Visite nossa pagina no Facebook, www.fb.com/equipeundeadbrasil
﻿11:36:24 : RCon admin #0: (Global) BEC : Entre em nosso Team Speak 3: ts3.undeadbrasil.com
﻿11:39:04 : RCon admin #0: (Global) BEC : Para reportar bugs, erros, etc... Use nosso forum | www.undeadbrasil.com/forum
﻿11:41:44 : RCon admin #0: (Global) BEC : Leia as regras do servidor
﻿11:42:24 : RCon admin #0: (Global) BEC : Hosting Undead Brasil Servidores | www.undeadbrasil.com/servers
﻿11:42:24 : RCon admin #0: (Global) BEC : Atenção restart automático a cada 3 horas, 06:00hrs, 09:00hrs, 12:00hrs, 15:00hrs, 18:00hrs, 21:00hrs, 00:00hrs, 03:00hrs
﻿11:43:04 : RCon admin #0: (Global) BEC : Visite nossa pagina no Facebook, www.fb.com/equipeundeadbrasil
﻿11:43:44 : RCon admin #0: (Global) BEC : Welcome Undead Brasil
﻿11:45:00 : RCon admin #0: (Global) BEC : Servidor irá reniciar em 15 minutos...
﻿11:46:04 : RCon admin #0: (Global) BEC : Visite nossa pagina no Facebook, www.fb.com/equipeundeadbrasil
﻿11:49:24 : RCon admin #0: (Global) BEC : Entre em nosso Team Speak 3: ts3.undeadbrasil.com
﻿11:50:00 : RCon admin #0: (Global) BEC : Servidor irá reniciar em 10 minutos...
﻿11:50:24 : RCon admin #0: (Global) BEC : Para reportar bugs, erros, etc... Use nosso forum | www.undeadbrasil.com/forum
﻿11:51:24 : RCon admin #0: (Global) BEC : Hosting Undead Brasil Servidores | www.undeadbrasil.com/servers
﻿11:55:00 : RCon admin #0: (Global) BEC : Servidor irá reniciar em 5 minutos...
﻿11:56:24 : RCon admin #0: (Global) BEC : Visite nossa pagina no Facebook, www.fb.com/equipeundeadbrasil
﻿11:56:24 : RCon admin #0: (Global) BEC : Leia as regras do servidor
﻿11:57:00 : RCon admin #0: (Global) BEC : Servidor irá reniciar em 3 minutos, Por favor aterrissa seus helicóptero para evitar problemas...
﻿11:57:44 : RCon admin #0: (Global) BEC : Visite nossa pagina no Facebook, www.fb.com/equipeundeadbrasil
﻿11:59:00 : RCon admin #0: (Global) BEC : Servidor irá reniciar em 1 minutos, Por favor abra o Menu(TAB), e salve seu personagem...
﻿12:00:01 : Lost Connection!
﻿12:00:01 : Closing socket & exiting!
﻿12:00:20 : Rcon client logging in
﻿12:00:20 : RCon admin #0 (127.0.0.1:61055) logged in
﻿12:09:16 : RCon admin #0: (Global) BEC : Hosting Undead Brasil Servidores | www.undeadbrasil.com/servers
﻿12:11:36 : RCon admin #0: (Global) BEC : Para reportar bugs, erros, etc... Use nosso forum | www.undeadbrasil.com/forum
﻿12:13:16 : RCon admin #0: (Global) BEC : Entre em nosso Team Speak 3: ts3.undeadbrasil.com
﻿12:14:56 : RCon admin #0: (Global) BEC : Leia as regras do servidor
﻿12:16:36 : RCon admin #0: (Global) BEC : Welcome Undead Brasil
﻿12:18:16 : RCon admin #0: (Global) BEC : Atenção restart automático a cada 3 horas, 06:00hrs, 09:00hrs, 12:00hrs, 15:00hrs, 18:00hrs, 21:00hrs, 00:00hrs, 03:00hrs
﻿12:19:10 : No Valid response. Trying to reconnect.!
﻿12:19:10 : Rcon client logging in
﻿12:19:10 : RCon admin #0 (127.0.0.1:61055) logged in
﻿12:20:37 : RCon admin #0: (Global) BEC : Visite nossa pagina no Facebook, www.fb.com/equipeundeadbrasil
﻿12:22:17 : RCon admin #0: (Global) BEC : Visite nossa pagina no Facebook, www.fb.com/equipeundeadbrasil
﻿12:22:56 : RCon admin #0: (Global) BEC : Para reportar bugs, erros, etc... Use nosso forum | www.undeadbrasil.com/forum
﻿12:23:57 : RCon admin #0: (Global) BEC : Visite nossa pagina no Facebook, www.fb.com/equipeundeadbrasil
﻿12:25:37 : RCon admin #0: (Global) BEC : Visite nossa pagina no Facebook, www.fb.com/equipeundeadbrasil
﻿12:26:16 : RCon admin #0: (Global) BEC : Entre em nosso Team Speak 3: ts3.undeadbrasil.com
﻿12:28:10 : No Valid response. Trying to reconnect.!
﻿12:28:10 : Rcon client logging in
﻿12:28:10 : RCon admin #0 (127.0.0.1:61055) logged in
﻿12:29:36 : RCon admin #0: (Global) BEC : Leia as regras do servidor
﻿12:32:56 : RCon admin #0: (Global) BEC : Welcome Undead Brasil
﻿12:34:16 : RCon admin #0: (Global) BEC : Para reportar bugs, erros, etc... Use nosso forum | www.undeadbrasil.com/forum
﻿12:36:16 : RCon admin #0: (Global) BEC : Atenção restart automático a cada 3 horas, 06:00hrs, 09:00hrs, 12:00hrs, 15:00hrs, 18:00hrs, 21:00hrs, 00:00hrs, 03:00hrs
﻿12:36:17 : RCon admin #0: (Global) BEC : Hosting Undead Brasil Servidores | www.undeadbrasil.com/servers
﻿12:39:16 : RCon admin #0: (Global) BEC : Entre em nosso Team Speak 3: ts3.undeadbrasil.com
﻿12:40:57 : RCon admin #0: (Global) BEC : Visite nossa pagina no Facebook, www.fb.com/equipeundeadbrasil
﻿12:44:16 : RCon admin #0: (Global) BEC : Leia as regras do servidor
﻿12:44:17 : RCon admin #0: (Global) BEC : Visite nossa pagina no Facebook, www.fb.com/equipeundeadbrasil
﻿12:45:16 : RCon admin #0: (Global) BEC : Hosting Undead Brasil Servidores | www.undeadbrasil.com/servers
﻿12:45:36 : RCon admin #0: (Global) BEC : Para reportar bugs, erros, etc... Use nosso forum | www.undeadbrasil.com/forum
﻿12:47:37 : RCon admin #0: (Global) BEC : Visite nossa pagina no Facebook, www.fb.com/equipeundeadbrasil
﻿12:49:16 : RCon admin #0: (Global) BEC : Welcome Undead Brasil
﻿12:50:57 : RCon admin #0: (Global) BEC : Visite nossa pagina no Facebook, www.fb.com/equipeundeadbrasil
﻿12:52:16 : RCon admin #0: (Global) BEC : Entre em nosso Team Speak 3: ts3.undeadbrasil.com
﻿12:54:16 : RCon admin #0: (Global) BEC : Atenção restart automático a cada 3 horas, 06:00hrs, 09:00hrs, 12:00hrs, 15:00hrs, 18:00hrs, 21:00hrs, 00:00hrs, 03:00hrs
﻿12:54:17 : RCon admin #0: (Global) BEC : Hosting Undead Brasil Servidores | www.undeadbrasil.com/servers
﻿12:56:56 : RCon admin #0: (Global) BEC : Para reportar bugs, erros, etc... Use nosso forum | www.undeadbrasil.com/forum
﻿12:58:56 : RCon admin #0: (Global) BEC : Leia as regras do servidor
﻿13:01:17 : RCon admin #0: (Global) BEC : Visite nossa pagina no Facebook, www.fb.com/equipeundeadbrasil
﻿13:03:16 : RCon admin #0: (Global) BEC : Hosting Undead Brasil Servidores | www.undeadbrasil.com/servers
﻿13:05:16 : RCon admin #0: (Global) BEC : Entre em nosso Team Speak 3: ts3.undeadbrasil.com
﻿13:05:36 : RCon admin #0: (Global) BEC : Welcome Undead Brasil
﻿13:06:17 : RCon admin #0: (Global) BEC : Visite nossa pagina no Facebook, www.fb.com/equipeundeadbrasil
﻿13:08:16 : RCon admin #0: (Global) BEC : Para reportar bugs, erros, etc... Use nosso forum | www.undeadbrasil.com/forum
﻿13:11:17 : RCon admin #0: (Global) BEC : Visite nossa pagina no Facebook, www.fb.com/equipeundeadbrasil
﻿13:12:16 : RCon admin #0: (Global) BEC : Atenção restart automático a cada 3 horas, 06:00hrs, 09:00hrs, 12:00hrs, 15:00hrs, 18:00hrs, 21:00hrs, 00:00hrs, 03:00hrs
﻿13:12:17 : RCon admin #0: (Global) BEC : Hosting Undead Brasil Servidores | www.undeadbrasil.com/servers
﻿13:13:36 : RCon admin #0: (Global) BEC : Leia as regras do servidor
﻿13:16:17 : RCon admin #0: (Global) BEC : Visite nossa pagina no Facebook, www.fb.com/equipeundeadbrasil
﻿13:18:16 : RCon admin #0: (Global) BEC : Entre em nosso Team Speak 3: ts3.undeadbrasil.com
﻿13:19:36 : RCon admin #0: (Global) BEC : Para reportar bugs, erros, etc... Use nosso forum | www.undeadbrasil.com/forum
﻿13:21:16 : RCon admin #0: (Global) BEC : Hosting Undead Brasil Servidores | www.undeadbrasil.com/servers
﻿13:21:37 : RCon admin #0: (Global) BEC : Visite nossa pagina no Facebook, www.fb.com/equipeundeadbrasil
﻿13:21:56 : RCon admin #0: (Global) BEC : Welcome Undead Brasil
﻿13:28:16 : RCon admin #0: (Global) BEC : Leia as regras do servidor
﻿13:28:17 : RCon admin #0: (Global) BEC : Visite nossa pagina no Facebook, www.fb.com/equipeundeadbrasil
﻿13:30:16 : RCon admin #0: (Global) BEC : Atenção restart automático a cada 3 horas, 06:00hrs, 09:00hrs, 12:00hrs, 15:00hrs, 18:00hrs, 21:00hrs, 00:00hrs, 03:00hrs
﻿13:30:17 : RCon admin #0: (Global) BEC : Hosting Undead Brasil Servidores | www.undeadbrasil.com/servers
﻿13:30:56 : RCon admin #0: (Global) BEC : Para reportar bugs, erros, etc... Use nosso forum | www.undeadbrasil.com/forum
﻿13:31:16 : RCon admin #0: (Global) BEC : Entre em nosso Team Speak 3: ts3.undeadbrasil.com
﻿13:34:57 : RCon admin #0: (Global) BEC : Visite nossa pagina no Facebook, www.fb.com/equipeundeadbrasil
﻿13:38:16 : RCon admin #0: (Global) BEC : Welcome Undead Brasil
﻿13:39:16 : RCon admin #0: (Global) BEC : Hosting Undead Brasil Servidores | www.undeadbrasil.com/servers
﻿13:41:37 : RCon admin #0: (Global) BEC : Visite nossa pagina no Facebook, www.fb.com/equipeundeadbrasil
﻿13:41:57 : RCon admin #0: (Global) BEC : Visite nossa pagina no Facebook, www.fb.com/equipeundeadbrasil
﻿13:42:16 : RCon admin #0: (Global) BEC : Para reportar bugs, erros, etc... Use nosso forum | www.undeadbrasil.com/forum
﻿13:42:56 : RCon admin #0: (Global) BEC : Leia as regras do servidor
﻿13:44:16 : RCon admin #0: (Global) BEC : Entre em nosso Team Speak 3: ts3.undeadbrasil.com
﻿13:48:16 : RCon admin #0: (Global) BEC : Atenção restart automático a cada 3 horas, 06:00hrs, 09:00hrs, 12:00hrs, 15:00hrs, 18:00hrs, 21:00hrs, 00:00hrs, 03:00hrs
﻿13:48:17 : RCon admin #0: (Global) BEC : Hosting Undead Brasil Servidores | www.undeadbrasil.com/servers
﻿13:50:17 : RCon admin #0: (Global) BEC : Visite nossa pagina no Facebook, www.fb.com/equipeundeadbrasil
﻿13:53:36 : RCon admin #0: (Global) BEC : Para reportar bugs, erros, etc... Use nosso forum | www.undeadbrasil.com/forum
﻿13:54:36 : RCon admin #0: (Global) BEC : Welcome Undead Brasil
﻿13:57:16 : RCon admin #0: (Global) BEC : Hosting Undead Brasil Servidores | www.undeadbrasil.com/servers
﻿13:57:17 : RCon admin #0: (Global) BEC : Entre em nosso Team Speak 3: ts3.undeadbrasil.com
﻿13:57:36 : RCon admin #0: (Global) BEC : Leia as regras do servidor
﻿13:58:37 : RCon admin #0: (Global) BEC : Visite nossa pagina no Facebook, www.fb.com/equipeundeadbrasil
﻿14:02:17 : RCon admin #0: (Global) BEC : Visite nossa pagina no Facebook, www.fb.com/equipeundeadbrasil
﻿14:04:56 : RCon admin #0: (Global) BEC : Para reportar bugs, erros, etc... Use nosso forum | www.undeadbrasil.com/forum
﻿14:06:16 : RCon admin #0: (Global) BEC : Atenção restart automático a cada 3 horas, 06:00hrs, 09:00hrs, 12:00hrs, 15:00hrs, 18:00hrs, 21:00hrs, 00:00hrs, 03:00hrs
﻿14:06:17 : RCon admin #0: (Global) BEC : Hosting Undead Brasil Servidores | www.undeadbrasil.com/servers
﻿14:06:57 : RCon admin #0: (Global) BEC : Visite nossa pagina no Facebook, www.fb.com/equipeundeadbrasil
﻿14:10:16 : RCon admin #0: (Global) BEC : Entre em nosso Team Speak 3: ts3.undeadbrasil.com
﻿14:10:56 : RCon admin #0: (Global) BEC : Welcome Undead Brasil
﻿14:12:16 : RCon admin #0: (Global) BEC : Leia as regras do servidor
﻿14:12:17 : RCon admin #0: (Global) BEC : Visite nossa pagina no Facebook, www.fb.com/equipeundeadbrasil
﻿14:15:16 : RCon admin #0: (Global) BEC : Hosting Undead Brasil Servidores | www.undeadbrasil.com/servers
﻿14:16:16 : RCon admin #0: (Global) BEC : Para reportar bugs, erros, etc... Use nosso forum | www.undeadbrasil.com/forum
﻿14:22:17 : RCon admin #0: (Global) BEC : Visite nossa pagina no Facebook, www.fb.com/equipeundeadbrasil
﻿14:22:37 : RCon admin #0: (Global) BEC : Visite nossa pagina no Facebook, www.fb.com/equipeundeadbrasil
﻿14:23:16 : RCon admin #0: (Global) BEC : Entre em nosso Team Speak 3: ts3.undeadbrasil.com
﻿14:24:16 : RCon admin #0: (Global) BEC : Hosting Undead Brasil Servidores | www.undeadbrasil.com/servers
﻿14:24:17 : RCon admin #0: (Global) BEC : Atenção restart automático a cada 3 horas, 06:00hrs, 09:00hrs, 12:00hrs, 15:00hrs, 18:00hrs, 21:00hrs, 00:00hrs, 03:00hrs
﻿14:26:56 : RCon admin #0: (Global) BEC : Leia as regras do servidor
﻿14:27:16 : RCon admin #0: (Global) BEC : Welcome Undead Brasil
﻿14:27:36 : RCon admin #0: (Global) BEC : Para reportar bugs, erros, etc... Use nosso forum | www.undeadbrasil.com/forum
﻿14:32:17 : RCon admin #0: (Global) BEC : Visite nossa pagina no Facebook, www.fb.com/equipeundeadbrasil
﻿14:33:16 : RCon admin #0: (Global) BEC : Hosting Undead Brasil Servidores | www.undeadbrasil.com/servers
﻿14:34:17 : RCon admin #0: (Global) BEC : Visite nossa pagina no Facebook, www.fb.com/equipeundeadbrasil
﻿14:36:16 : RCon admin #0: (Global) BEC : Entre em nosso Team Speak 3: ts3.undeadbrasil.com
﻿14:38:56 : RCon admin #0: (Global) BEC : Para reportar bugs, erros, etc... Use nosso forum | www.undeadbrasil.com/forum
﻿14:41:36 : RCon admin #0: (Global) BEC : Leia as regras do servidor
﻿14:42:16 : RCon admin #0: (Global) BEC : Hosting Undead Brasil Servidores | www.undeadbrasil.com/servers
﻿14:42:17 : RCon admin #0: (Global) BEC : Atenção restart automático a cada 3 horas, 06:00hrs, 09:00hrs, 12:00hrs, 15:00hrs, 18:00hrs, 21:00hrs, 00:00hrs, 03:00hrs
﻿14:42:57 : RCon admin #0: (Global) BEC : Visite nossa pagina no Facebook, www.fb.com/equipeundeadbrasil
﻿14:43:36 : RCon admin #0: (Global) BEC : Welcome Undead Brasil
﻿14:45:00 : RCon admin #0: (Global) BEC : Servidor irá reniciar em 15 minutos...
﻿14:45:57 : RCon admin #0: (Global) BEC : Visite nossa pagina no Facebook, www.fb.com/equipeundeadbrasil
﻿14:49:16 : RCon admin #0: (Global) BEC : Entre em nosso Team Speak 3: ts3.undeadbrasil.com
﻿14:50:00 : RCon admin #0: (Global) BEC : Servidor irá reniciar em 10 minutos...
﻿14:50:16 : RCon admin #0: (Global) BEC : Para reportar bugs, erros, etc... Use nosso forum | www.undeadbrasil.com/forum
﻿14:51:16 : RCon admin #0: (Global) BEC : Hosting Undead Brasil Servidores | www.undeadbrasil.com/servers
﻿14:55:00 : RCon admin #0: (Global) BEC : Servidor irá reniciar em 5 minutos...
﻿14:56:16 : RCon admin #0: (Global) BEC : Leia as regras do servidor
﻿14:56:17 : RCon admin #0: (Global) BEC : Visite nossa pagina no Facebook, www.fb.com/equipeundeadbrasil
﻿14:57:00 : RCon admin #0: (Global) BEC : Servidor irá reniciar em 3 minutos, Por favor aterrissa seus helicóptero para evitar problemas...
﻿14:57:37 : RCon admin #0: (Global) BEC : Visite nossa pagina no Facebook, www.fb.com/equipeundeadbrasil
﻿14:59:00 : RCon admin #0: (Global) BEC : Servidor irá reniciar em 1 minutos, Por favor abra o Menu(TAB), e salve seu personagem...
﻿14:59:56 : RCon admin #0: (Global) BEC : Welcome Undead Brasil
﻿15:00:01 : Lost Connection!
﻿15:00:01 : Closing socket & exiting!
﻿15:00:20 : Rcon client logging in
﻿15:00:20 : RCon admin #0 (127.0.0.1:60301) logged in
﻿15:09:16 : RCon admin #0: (Global) BEC : Hosting Undead Brasil Servidores | www.undeadbrasil.com/servers
﻿15:11:36 : RCon admin #0: (Global) BEC : Para reportar bugs, erros, etc... Use nosso forum | www.undeadbrasil.com/forum
﻿15:13:16 : RCon admin #0: (Global) BEC : Entre em nosso Team Speak 3: ts3.undeadbrasil.com
﻿15:14:56 : RCon admin #0: (Global) BEC : Leia as regras do servidor
﻿15:16:36 : RCon admin #0: (Global) BEC : Welcome Undead Brasil
﻿15:18:16 : RCon admin #0: (Global) BEC : Hosting Undead Brasil Servidores | www.undeadbrasil.com/servers
﻿15:18:17 : RCon admin #0: (Global) BEC : Atenção restart automático a cada 3 horas, 06:00hrs, 09:00hrs, 12:00hrs, 15:00hrs, 18:00hrs, 21:00hrs, 00:00hrs, 03:00hrs
﻿15:20:36 : RCon admin #0: (Global) BEC : Visite nossa pagina no Facebook, www.fb.com/equipeundeadbrasil
﻿15:22:16 : RCon admin #0: (Global) BEC : Visite nossa pagina no Facebook, www.fb.com/equipeundeadbrasil
﻿15:22:56 : RCon admin #0: (Global) BEC : Para reportar bugs, erros, etc... Use nosso forum | www.undeadbrasil.com/forum
﻿15:23:56 : RCon admin #0: (Global) BEC : Visite nossa pagina no Facebook, www.fb.com/equipeundeadbrasil
﻿15:25:36 : RCon admin #0: (Global) BEC : Visite nossa pagina no Facebook, www.fb.com/equipeundeadbrasil
﻿15:26:16 : RCon admin #0: (Global) BEC : Entre em nosso Team Speak 3: ts3.undeadbrasil.com
﻿15:27:16 : RCon admin #0: (Global) BEC : Hosting Undead Brasil Servidores | www.undeadbrasil.com/servers
﻿15:29:36 : RCon admin #0: (Global) BEC : Leia as regras do servidor
﻿15:32:56 : RCon admin #0: (Global) BEC : Welcome Undead Brasil
﻿15:34:16 : RCon admin #0: (Global) BEC : Para reportar bugs, erros, etc... Use nosso forum | www.undeadbrasil.com/forum
﻿15:36:16 : RCon admin #0: (Global) BEC : Atenção restart automático a cada 3 horas, 06:00hrs, 09:00hrs, 12:00hrs, 15:00hrs, 18:00hrs, 21:00hrs, 00:00hrs, 03:00hrs
﻿15:36:17 : RCon admin #0: (Global) BEC : Hosting Undead Brasil Servidores | www.undeadbrasil.com/servers
﻿15:39:16 : RCon admin #0: (Global) BEC : Entre em nosso Team Speak 3: ts3.undeadbrasil.com
﻿15:40:56 : RCon admin #0: (Global) BEC : Visite nossa pagina no Facebook, www.fb.com/equipeundeadbrasil
﻿15:44:16 : RCon admin #0: (Global) BEC : Leia as regras do servidor
﻿15:44:17 : RCon admin #0: (Global) BEC : Visite nossa pagina no Facebook, www.fb.com/equipeundeadbrasil
﻿15:45:16 : RCon admin #0: (Global) BEC : Hosting Undead Brasil Servidores | www.undeadbrasil.com/servers
﻿15:45:36 : RCon admin #0: (Global) BEC : Para reportar bugs, erros, etc... Use nosso forum | www.undeadbrasil.com/forum
﻿15:47:36 : RCon admin #0: (Global) BEC : Visite nossa pagina no Facebook, www.fb.com/equipeundeadbrasil
﻿15:49:16 : RCon admin #0: (Global) BEC : Welcome Undead Brasil
﻿15:50:56 : RCon admin #0: (Global) BEC : Visite nossa pagina no Facebook, www.fb.com/equipeundeadbrasil
﻿15:52:16 : RCon admin #0: (Global) BEC : Entre em nosso Team Speak 3: ts3.undeadbrasil.com
﻿15:54:16 : RCon admin #0: (Global) BEC : Atenção restart automático a cada 3 horas, 06:00hrs, 09:00hrs, 12:00hrs, 15:00hrs, 18:00hrs, 21:00hrs, 00:00hrs, 03:00hrs
﻿15:54:17 : RCon admin #0: (Global) BEC : Hosting Undead Brasil Servidores | www.undeadbrasil.com/servers
﻿15:56:56 : RCon admin #0: (Global) BEC : Para reportar bugs, erros, etc... Use nosso forum | www.undeadbrasil.com/forum
﻿15:58:56 : RCon admin #0: (Global) BEC : Leia as regras do servidor
﻿16:01:16 : RCon admin #0: (Global) BEC : Visite nossa pagina no Facebook, www.fb.com/equipeundeadbrasil
﻿16:03:16 : RCon admin #0: (Global) BEC : Hosting Undead Brasil Servidores | www.undeadbrasil.com/servers
﻿16:05:16 : RCon admin #0: (Global) BEC : Entre em nosso Team Speak 3: ts3.undeadbrasil.com
﻿16:05:36 : RCon admin #0: (Global) BEC : Welcome Undead Brasil
﻿16:06:16 : RCon admin #0: (Global) BEC : Visite nossa pagina no Facebook, www.fb.com/equipeundeadbrasil
﻿16:08:16 : RCon admin #0: (Global) BEC : Para reportar bugs, erros, etc... Use nosso forum | www.undeadbrasil.com/forum
﻿16:11:16 : RCon admin #0: (Global) BEC : Visite nossa pagina no Facebook, www.fb.com/equipeundeadbrasil
﻿16:12:16 : RCon admin #0: (Global) BEC : Atenção restart automático a cada 3 horas, 06:00hrs, 09:00hrs, 12:00hrs, 15:00hrs, 18:00hrs, 21:00hrs, 00:00hrs, 03:00hrs
﻿16:12:17 : RCon admin #0: (Global) BEC : Hosting Undead Brasil Servidores | www.undeadbrasil.com/servers
﻿16:13:36 : RCon admin #0: (Global) BEC : Leia as regras do servidor
﻿16:16:16 : RCon admin #0: (Global) BEC : Visite nossa pagina no Facebook, www.fb.com/equipeundeadbrasil
﻿16:18:16 : RCon admin #0: (Global) BEC : Entre em nosso Team Speak 3: ts3.undeadbrasil.com
﻿16:19:36 : RCon admin #0: (Global) BEC : Para reportar bugs, erros, etc... Use nosso forum | www.undeadbrasil.com/forum
﻿16:21:16 : RCon admin #0: (Global) BEC : Hosting Undead Brasil Servidores | www.undeadbrasil.com/servers
﻿16:21:36 : RCon admin #0: (Global) BEC : Visite nossa pagina no Facebook, www.fb.com/equipeundeadbrasil
﻿16:21:56 : RCon admin #0: (Global) BEC : Welcome Undead Brasil
﻿16:28:16 : RCon admin #0: (Global) BEC : Leia as regras do servidor
﻿16:28:17 : RCon admin #0: (Global) BEC : Visite nossa pagina no Facebook, www.fb.com/equipeundeadbrasil
﻿16:30:16 : RCon admin #0: (Global) BEC : Atenção restart automático a cada 3 horas, 06:00hrs, 09:00hrs, 12:00hrs, 15:00hrs, 18:00hrs, 21:00hrs, 00:00hrs, 03:00hrs
﻿16:30:17 : RCon admin #0: (Global) BEC : Hosting Undead Brasil Servidores | www.undeadbrasil.com/servers
﻿16:30:56 : RCon admin #0: (Global) BEC : Para reportar bugs, erros, etc... Use nosso forum | www.undeadbrasil.com/forum
﻿16:31:16 : RCon admin #0: (Global) BEC : Entre em nosso Team Speak 3: ts3.undeadbrasil.com
﻿16:34:56 : RCon admin #0: (Global) BEC : Visite nossa pagina no Facebook, www.fb.com/equipeundeadbrasil
﻿16:38:16 : RCon admin #0: (Global) BEC : Welcome Undead Brasil
﻿16:39:16 : RCon admin #0: (Global) BEC : Hosting Undead Brasil Servidores | www.undeadbrasil.com/servers
﻿16:41:36 : RCon admin #0: (Global) BEC : Visite nossa pagina no Facebook, www.fb.com/equipeundeadbrasil
﻿16:41:57 : RCon admin #0: (Global) BEC : Visite nossa pagina no Facebook, www.fb.com/equipeundeadbrasil
﻿16:42:16 : RCon admin #0: (Global) BEC : Para reportar bugs, erros, etc... Use nosso forum | www.undeadbrasil.com/forum
﻿16:42:56 : RCon admin #0: (Global) BEC : Leia as regras do servidor
﻿16:44:16 : RCon admin #0: (Global) BEC : Entre em nosso Team Speak 3: ts3.undeadbrasil.com
﻿16:48:16 : RCon admin #0: (Global) BEC : Hosting Undead Brasil Servidores | www.undeadbrasil.com/servers
﻿16:48:17 : RCon admin #0: (Global) BEC : Atenção restart automático a cada 3 horas, 06:00hrs, 09:00hrs, 12:00hrs, 15:00hrs, 18:00hrs, 21:00hrs, 00:00hrs, 03:00hrs
﻿16:50:16 : RCon admin #0: (Global) BEC : Visite nossa pagina no Facebook, www.fb.com/equipeundeadbrasil
﻿16:53:36 : RCon admin #0: (Global) BEC : Para reportar bugs, erros, etc... Use nosso forum | www.undeadbrasil.com/forum
﻿16:54:36 : RCon admin #0: (Global) BEC : Welcome Undead Brasil
﻿16:57:16 : RCon admin #0: (Global) BEC : Hosting Undead Brasil Servidores | www.undeadbrasil.com/servers
﻿16:57:17 : RCon admin #0: (Global) BEC : Entre em nosso Team Speak 3: ts3.undeadbrasil.com
﻿16:57:36 : RCon admin #0: (Global) BEC : Leia as regras do servidor
﻿16:58:36 : RCon admin #0: (Global) BEC : Visite nossa pagina no Facebook, www.fb.com/equipeundeadbrasil
﻿17:00:11 : Lost Connection!
﻿17:00:11 : Closing socket & exiting!
﻿17:08:47 : Rcon client logging in
﻿17:08:47 : RCon admin #0 (127.0.0.1:57963) logged in
﻿17:17:43 : RCon admin #0: (Global) BEC : Hosting Undead Brasil Servidores | www.undeadbrasil.com/servers
﻿17:18:21 : Lost Connection!
﻿17:18:21 : Closing socket & exiting!
﻿18:29:11 : Lost Connection!
﻿18:29:11 : Closing socket & exiting!
﻿18:29:34 : Rcon client logging in
﻿18:29:34 : RCon admin #0 (127.0.0.1:56383) logged in
﻿18:31:10 : Lost Connection!
﻿18:31:10 : Closing socket & exiting!
﻿18:41:15 : Rcon client logging in
﻿18:41:15 : RCon admin #0 (127.0.0.1:50831) logged in
﻿18:46:18 : Rcon client logging in
﻿18:46:18 : RCon admin #0 (127.0.0.1:50320) logged in
﻿18:46:33 : Lost Connection!
﻿18:46:33 : Closing socket & exiting!
﻿18:47:00 : Rcon client logging in
﻿18:47:00 : RCon admin #0 (127.0.0.1:50321) logged in
﻿18:49:04 : Player #0 Mateuus (191.243.254.251:26260) connected
﻿18:49:05 : Player #0 Mateuus - GUID: 6362f25c65411c0145ca1105a07c64e6 (unverified)
﻿18:49:06 : Verified GUID (6362f25c65411c0145ca1105a07c64e6) of player #0 Mateuus
﻿18:49:06 : Player #0 Mateuus - Legacy GUID: c2f6eb61761bf93694a379d5f8f68d54
﻿18:49:39 : Lost Connection!
﻿18:49:39 : Closing socket & exiting!
﻿18:50:34 : Rcon client logging in
﻿18:50:34 : RCon admin #0 (127.0.0.1:54198) logged in
﻿18:55:05 : Player #0 Mateuus (191.243.254.251:26260) connected
﻿18:55:07 : Player #0 Mateuus - GUID: 6362f25c65411c0145ca1105a07c64e6 (unverified)
﻿18:55:07 : Player #0 Mateuus - Legacy GUID: c2f6eb61761bf93694a379d5f8f68d54
﻿18:55:07 : Verified GUID (6362f25c65411c0145ca1105a07c64e6) of player #0 Mateuus
﻿18:58:14 : Player #0 Mateuus disconnected
﻿18:59:30 : RCon admin #0: (Global) BEC : Hosting Undead Brasil Servidores | www.undeadbrasil.com/servers
﻿19:01:50 : RCon admin #0: (Global) BEC : Para reportar bugs, erros, etc... Use nosso forum | www.undeadbrasil.com/forum
﻿19:03:30 : RCon admin #0: (Global) BEC : Entre em nosso Team Speak 3: ts3.undeadbrasil.com
﻿19:05:10 : RCon admin #0: (Global) BEC : Leia as regras do servidor
﻿19:06:50 : RCon admin #0: (Global) BEC : Welcome Undead Brasil
﻿19:08:30 : RCon admin #0: (Global) BEC : Atenção restart automático a cada 3 horas, 06:00hrs, 09:00hrs, 12:00hrs, 15:00hrs, 18:00hrs, 21:00hrs, 00:00hrs, 03:00hrs
﻿19:08:31 : RCon admin #0: (Global) BEC : Hosting Undead Brasil Servidores | www.undeadbrasil.com/servers
﻿19:10:50 : RCon admin #0: (Global) BEC : Visite nossa pagina no Facebook, www.fb.com/equipeundeadbrasil
﻿19:12:30 : RCon admin #0: (Global) BEC : Visite nossa pagina no Facebook, www.fb.com/equipeundeadbrasil
﻿19:13:10 : RCon admin #0: (Global) BEC : Para reportar bugs, erros, etc... Use nosso forum | www.undeadbrasil.com/forum
﻿19:14:10 : RCon admin #0: (Global) BEC : Visite nossa pagina no Facebook, www.fb.com/equipeundeadbrasil
﻿19:15:50 : RCon admin #0: (Global) BEC : Visite nossa pagina no Facebook, www.fb.com/equipeundeadbrasil
﻿19:16:30 : RCon admin #0: (Global) BEC : Entre em nosso Team Speak 3: ts3.undeadbrasil.com
﻿19:17:30 : RCon admin #0: (Global) BEC : Hosting Undead Brasil Servidores | www.undeadbrasil.com/servers
﻿19:19:11 : Player #0 Mateuus (191.243.254.251:26260) connected
﻿19:19:12 : Player #0 Mateuus - GUID: 6362f25c65411c0145ca1105a07c64e6 (unverified)
﻿19:19:13 : Verified GUID (6362f25c65411c0145ca1105a07c64e6) of player #0 Mateuus
﻿19:19:13 : Player #0 Mateuus - Legacy GUID: c2f6eb61761bf93694a379d5f8f68d54
﻿19:19:50 : RCon admin #0: (Global) BEC : Leia as regras do servidor
﻿19:23:10 : RCon admin #0: (Global) BEC : Welcome Undead Brasil
﻿19:24:30 : RCon admin #0: (Global) BEC : Para reportar bugs, erros, etc... Use nosso forum | www.undeadbrasil.com/forum
﻿19:26:30 : RCon admin #0: (Global) BEC : Atenção restart automático a cada 3 horas, 06:00hrs, 09:00hrs, 12:00hrs, 15:00hrs, 18:00hrs, 21:00hrs, 00:00hrs, 03:00hrs
﻿19:26:31 : RCon admin #0: (Global) BEC : Hosting Undead Brasil Servidores | www.undeadbrasil.com/servers
﻿19:28:13 : RCon admin #0: (To Mateuus) BEC : You have about 60 seconds left to join the mission.
﻿19:28:44 : RCon admin #0: (To Mateuus) BEC : You have about 30 seconds left to join the mission.
﻿19:28:58 : RCon admin #0: (To Mateuus) BEC : You have about 15 seconds left to join the mission.
﻿19:29:15 : Player #0 Mateuus (6362f25c65411c0145ca1105a07c64e6) has been kicked by BattlEye: Admin Kick (BEC : Lobby idling to long)
﻿19:29:30 : RCon admin #0: (Global) BEC : Entre em nosso Team Speak 3: ts3.undeadbrasil.com
﻿19:31:10 : RCon admin #0: (Global) BEC : Visite nossa pagina no Facebook, www.fb.com/equipeundeadbrasil
﻿19:31:19 : RCon admin #1 (191.243.254.251:26435) logged in
﻿19:33:31 : Player #0 Mateuus (191.243.254.251:26260) connected
﻿19:33:33 : Player #0 Mateuus - GUID: 6362f25c65411c0145ca1105a07c64e6 (unverified)
﻿19:33:33 : Verified GUID (6362f25c65411c0145ca1105a07c64e6) of player #0 Mateuus
﻿19:33:33 : Player #0 Mateuus - Legacy GUID: c2f6eb61761bf93694a379d5f8f68d54
﻿19:33:52 : RCon admin #1: (To Mateuus) [Mateuus] SASAS
﻿19:33:57 : Player #0 Mateuus disconnected
﻿19:34:30 : RCon admin #0: (Global) BEC : Visite nossa pagina no Facebook, www.fb.com/equipeundeadbrasil
﻿19:34:31 : RCon admin #0: (Global) BEC : Leia as regras do servidor
﻿19:35:30 : RCon admin #0: (Global) BEC : Hosting Undead Brasil Servidores | www.undeadbrasil.com/servers
﻿19:35:50 : RCon admin #0: (Global) BEC : Para reportar bugs, erros, etc... Use nosso forum | www.undeadbrasil.com/forum
﻿19:37:50 : RCon admin #0: (Global) BEC : Visite nossa pagina no Facebook, www.fb.com/equipeundeadbrasil
﻿19:39:30 : RCon admin #0: (Global) BEC : Welcome Undead Brasil
﻿19:41:10 : RCon admin #0: (Global) BEC : Visite nossa pagina no Facebook, www.fb.com/equipeundeadbrasil
﻿19:42:30 : RCon admin #0: (Global) BEC : Entre em nosso Team Speak 3: ts3.undeadbrasil.com
﻿19:44:30 : RCon admin #0: (Global) BEC : Atenção restart automático a cada 3 horas, 06:00hrs, 09:00hrs, 12:00hrs, 15:00hrs, 18:00hrs, 21:00hrs, 00:00hrs, 03:00hrs
﻿19:44:31 : RCon admin #0: (Global) BEC : Hosting Undead Brasil Servidores | www.undeadbrasil.com/servers
﻿19:47:10 : RCon admin #0: (Global) BEC : Para reportar bugs, erros, etc... Use nosso forum | www.undeadbrasil.com/forum
﻿19:49:10 : RCon admin #0: (Global) BEC : Leia as regras do servidor
﻿19:51:30 : RCon admin #0: (Global) BEC : Visite nossa pagina no Facebook, www.fb.com/equipeundeadbrasil
﻿19:53:30 : RCon admin #0: (Global) BEC : Hosting Undead Brasil Servidores | www.undeadbrasil.com/servers
﻿19:55:30 : RCon admin #0: (Global) BEC : Entre em nosso Team Speak 3: ts3.undeadbrasil.com
﻿19:55:50 : RCon admin #0: (Global) BEC : Welcome Undead Brasil
﻿19:56:30 : RCon admin #0: (Global) BEC : Visite nossa pagina no Facebook, www.fb.com/equipeundeadbrasil
﻿19:58:30 : RCon admin #0: (Global) BEC : Para reportar bugs, erros, etc... Use nosso forum | www.undeadbrasil.com/forum
﻿20:01:30 : RCon admin #0: (Global) BEC : Visite nossa pagina no Facebook, www.fb.com/equipeundeadbrasil
﻿20:02:30 : RCon admin #0: (Global) BEC : Atenção restart automático a cada 3 horas, 06:00hrs, 09:00hrs, 12:00hrs, 15:00hrs, 18:00hrs, 21:00hrs, 00:00hrs, 03:00hrs
﻿20:02:31 : RCon admin #0: (Global) BEC : Hosting Undead Brasil Servidores | www.undeadbrasil.com/servers
﻿20:03:50 : RCon admin #0: (Global) BEC : Leia as regras do servidor
﻿20:06:30 : RCon admin #0: (Global) BEC : Visite nossa pagina no Facebook, www.fb.com/equipeundeadbrasil
﻿20:08:30 : RCon admin #0: (Global) BEC : Entre em nosso Team Speak 3: ts3.undeadbrasil.com
﻿20:09:50 : RCon admin #0: (Global) BEC : Para reportar bugs, erros, etc... Use nosso forum | www.undeadbrasil.com/forum
﻿20:11:30 : RCon admin #0: (Global) BEC : Hosting Undead Brasil Servidores | www.undeadbrasil.com/servers
﻿20:11:50 : RCon admin #0: (Global) BEC : Visite nossa pagina no Facebook, www.fb.com/equipeundeadbrasil
﻿20:12:10 : RCon admin #0: (Global) BEC : Welcome Undead Brasil
﻿20:18:30 : RCon admin #0: (Global) BEC : Visite nossa pagina no Facebook, www.fb.com/equipeundeadbrasil
﻿20:18:31 : RCon admin #0: (Global) BEC : Leia as regras do servidor
﻿20:20:30 : RCon admin #0: (Global) BEC : Hosting Undead Brasil Servidores | www.undeadbrasil.com/servers
﻿20:20:31 : RCon admin #0: (Global) BEC : Atenção restart automático a cada 3 horas, 06:00hrs, 09:00hrs, 12:00hrs, 15:00hrs, 18:00hrs, 21:00hrs, 00:00hrs, 03:00hrs
﻿20:21:10 : RCon admin #0: (Global) BEC : Para reportar bugs, erros, etc... Use nosso forum | www.undeadbrasil.com/forum
﻿20:21:30 : RCon admin #0: (Global) BEC : Entre em nosso Team Speak 3: ts3.undeadbrasil.com
﻿20:25:10 : RCon admin #0: (Global) BEC : Visite nossa pagina no Facebook, www.fb.com/equipeundeadbrasil
﻿20:28:30 : RCon admin #0: (Global) BEC : Welcome Undead Brasil
﻿20:29:30 : RCon admin #0: (Global) BEC : Hosting Undead Brasil Servidores | www.undeadbrasil.com/servers
﻿20:31:50 : RCon admin #0: (Global) BEC : Visite nossa pagina no Facebook, www.fb.com/equipeundeadbrasil
﻿20:32:10 : RCon admin #0: (Global) BEC : Visite nossa pagina no Facebook, www.fb.com/equipeundeadbrasil
﻿20:32:30 : RCon admin #0: (Global) BEC : Para reportar bugs, erros, etc... Use nosso forum | www.undeadbrasil.com/forum
﻿20:33:10 : RCon admin #0: (Global) BEC : Leia as regras do servidor
﻿20:34:30 : RCon admin #0: (Global) BEC : Entre em nosso Team Speak 3: ts3.undeadbrasil.com
﻿20:38:30 : RCon admin #0: (Global) BEC : Atenção restart automático a cada 3 horas, 06:00hrs, 09:00hrs, 12:00hrs, 15:00hrs, 18:00hrs, 21:00hrs, 00:00hrs, 03:00hrs
﻿20:38:31 : RCon admin #0: (Global) BEC : Hosting Undead Brasil Servidores | www.undeadbrasil.com/servers
﻿20:40:30 : RCon admin #0: (Global) BEC : Visite nossa pagina no Facebook, www.fb.com/equipeundeadbrasil
﻿20:43:50 : RCon admin #0: (Global) BEC : Para reportar bugs, erros, etc... Use nosso forum | www.undeadbrasil.com/forum
﻿20:44:50 : RCon admin #0: (Global) BEC : Welcome Undead Brasil
﻿20:45:00 : RCon admin #0: (Global) BEC : Servidor irá reniciar em 15 minutos...
﻿20:47:30 : RCon admin #0: (Global) BEC : Hosting Undead Brasil Servidores | www.undeadbrasil.com/servers
﻿20:47:31 : RCon admin #0: (Global) BEC : Entre em nosso Team Speak 3: ts3.undeadbrasil.com
﻿20:47:50 : RCon admin #0: (Global) BEC : Leia as regras do servidor
﻿20:48:50 : RCon admin #0: (Global) BEC : Visite nossa pagina no Facebook, www.fb.com/equipeundeadbrasil
﻿20:50:00 : RCon admin #0: (Global) BEC : Servidor irá reniciar em 10 minutos...
﻿20:52:30 : RCon admin #0: (Global) BEC : Visite nossa pagina no Facebook, www.fb.com/equipeundeadbrasil
﻿20:55:00 : RCon admin #0: (Global) BEC : Servidor irá reniciar em 5 minutos...
﻿20:55:10 : RCon admin #0: (Global) BEC : Para reportar bugs, erros, etc... Use nosso forum | www.undeadbrasil.com/forum
﻿20:56:30 : RCon admin #0: (Global) BEC : Atenção restart automático a cada 3 horas, 06:00hrs, 09:00hrs, 12:00hrs, 15:00hrs, 18:00hrs, 21:00hrs, 00:00hrs, 03:00hrs
﻿20:56:31 : RCon admin #0: (Global) BEC : Hosting Undead Brasil Servidores | www.undeadbrasil.com/servers
﻿20:57:00 : RCon admin #0: (Global) BEC : Servidor irá reniciar em 3 minutos, Por favor aterrissa seus helicóptero para evitar problemas...
﻿20:57:10 : RCon admin #0: (Global) BEC : Visite nossa pagina no Facebook, www.fb.com/equipeundeadbrasil
﻿20:59:00 : RCon admin #0: (Global) BEC : Servidor irá reniciar em 1 minutos, Por favor abra o Menu(TAB), e salve seu personagem...
﻿21:00:01 : Lost Connection!
﻿21:00:01 : Closing socket & exiting!
﻿21:29:23 : Rcon client logging in
﻿21:29:23 : RCon admin #0 (127.0.0.1:53601) logged in
﻿21:38:19 : RCon admin #0: (Global) BEC : Hosting Undead Brasil Servidores | www.undeadbrasil.com/servers
﻿21:40:39 : RCon admin #0: (Global) BEC : Para reportar bugs, erros, etc... Use nosso forum | www.undeadbrasil.com/forum
﻿21:42:19 : RCon admin #0: (Global) BEC : Entre em nosso Team Speak 3: ts3.undeadbrasil.com
﻿21:43:59 : RCon admin #0: (Global) BEC : Leia as regras do servidor
﻿21:45:40 : RCon admin #0: (Global) BEC : Welcome Undead Brasil
﻿21:47:19 : RCon admin #0: (Global) BEC : Hosting Undead Brasil Servidores | www.undeadbrasil.com/servers
﻿21:47:20 : RCon admin #0: (Global) BEC : Atenção restart automático a cada 3 horas, 06:00hrs, 09:00hrs, 12:00hrs, 15:00hrs, 18:00hrs, 21:00hrs, 00:00hrs, 03:00hrs
﻿21:49:18 : Player #0 Hailori (71.235.233.104:2304) connected
﻿21:49:19 : Player #0 Hailori - GUID: eb81de69f6867a53ae0fa59d065d8eda (unverified)
﻿21:49:20 : Verified GUID (eb81de69f6867a53ae0fa59d065d8eda) of player #0 Hailori
﻿21:49:20 : Player #0 Hailori - Legacy GUID: 01e68d9083c5c8185f43e5470ed89a2c
﻿21:49:40 : RCon admin #0: (Global) BEC : Visite nossa pagina no Facebook, www.fb.com/equipeundeadbrasil
﻿21:51:20 : RCon admin #0: (Global) BEC : Visite nossa pagina no Facebook, www.fb.com/equipeundeadbrasil
﻿21:51:59 : RCon admin #0: (Global) BEC : Para reportar bugs, erros, etc... Use nosso forum | www.undeadbrasil.com/forum
﻿21:53:00 : RCon admin #0: (Global) BEC : Visite nossa pagina no Facebook, www.fb.com/equipeundeadbrasil
﻿21:54:40 : RCon admin #0: (Global) BEC : Visite nossa pagina no Facebook, www.fb.com/equipeundeadbrasil
﻿21:55:19 : RCon admin #0: (Global) BEC : Entre em nosso Team Speak 3: ts3.undeadbrasil.com
﻿21:56:19 : RCon admin #0: (Global) BEC : Hosting Undead Brasil Servidores | www.undeadbrasil.com/servers
﻿21:58:39 : RCon admin #0: (Global) BEC : Leia as regras do servidor
﻿22:02:00 : RCon admin #0: (Global) BEC : Welcome Undead Brasil
﻿22:03:19 : RCon admin #0: (Global) BEC : Para reportar bugs, erros, etc... Use nosso forum | www.undeadbrasil.com/forum
﻿22:05:19 : RCon admin #0: (Global) BEC : Hosting Undead Brasil Servidores | www.undeadbrasil.com/servers
﻿22:05:20 : RCon admin #0: (Global) BEC : Atenção restart automático a cada 3 horas, 06:00hrs, 09:00hrs, 12:00hrs, 15:00hrs, 18:00hrs, 21:00hrs, 00:00hrs, 03:00hrs
﻿22:08:19 : RCon admin #0: (Global) BEC : Entre em nosso Team Speak 3: ts3.undeadbrasil.com
﻿22:10:00 : RCon admin #0: (Global) BEC : Visite nossa pagina no Facebook, www.fb.com/equipeundeadbrasil
﻿22:13:19 : RCon admin #0: (Global) BEC : Leia as regras do servidor
﻿22:13:20 : RCon admin #0: (Global) BEC : Visite nossa pagina no Facebook, www.fb.com/equipeundeadbrasil
﻿22:14:19 : RCon admin #0: (Global) BEC : Hosting Undead Brasil Servidores | www.undeadbrasil.com/servers
﻿22:14:39 : RCon admin #0: (Global) BEC : Para reportar bugs, erros, etc... Use nosso forum | www.undeadbrasil.com/forum
﻿22:16:40 : RCon admin #0: (Global) BEC : Visite nossa pagina no Facebook, www.fb.com/equipeundeadbrasil
﻿22:18:20 : RCon admin #0: (Global) BEC : Welcome Undead Brasil
﻿22:20:00 : RCon admin #0: (Global) BEC : Visite nossa pagina no Facebook, www.fb.com/equipeundeadbrasil
﻿22:21:19 : RCon admin #0: (Global) BEC : Entre em nosso Team Speak 3: ts3.undeadbrasil.com
﻿22:23:19 : RCon admin #0: (Global) BEC : Hosting Undead Brasil Servidores | www.undeadbrasil.com/servers
﻿22:23:20 : RCon admin #0: (Global) BEC : Atenção restart automático a cada 3 horas, 06:00hrs, 09:00hrs, 12:00hrs, 15:00hrs, 18:00hrs, 21:00hrs, 00:00hrs, 03:00hrs
﻿22:25:59 : RCon admin #0: (Global) BEC : Para reportar bugs, erros, etc... Use nosso forum | www.undeadbrasil.com/forum
﻿22:27:59 : RCon admin #0: (Global) BEC : Leia as regras do servidor
﻿22:30:20 : RCon admin #0: (Global) BEC : Visite nossa pagina no Facebook, www.fb.com/equipeundeadbrasil
﻿22:32:19 : RCon admin #0: (Global) BEC : Hosting Undead Brasil Servidores | www.undeadbrasil.com/servers
﻿22:34:19 : RCon admin #0: (Global) BEC : Entre em nosso Team Speak 3: ts3.undeadbrasil.com
﻿22:34:40 : RCon admin #0: (Global) BEC : Welcome Undead Brasil
﻿22:35:20 : RCon admin #0: (Global) BEC : Visite nossa pagina no Facebook, www.fb.com/equipeundeadbrasil
﻿22:37:19 : RCon admin #0: (Global) BEC : Para reportar bugs, erros, etc... Use nosso forum | www.undeadbrasil.com/forum
﻿22:40:20 : RCon admin #0: (Global) BEC : Visite nossa pagina no Facebook, www.fb.com/equipeundeadbrasil
﻿22:41:19 : RCon admin #0: (Global) BEC : Hosting Undead Brasil Servidores | www.undeadbrasil.com/servers
﻿22:41:20 : RCon admin #0: (Global) BEC : Atenção restart automático a cada 3 horas, 06:00hrs, 09:00hrs, 12:00hrs, 15:00hrs, 18:00hrs, 21:00hrs, 00:00hrs, 03:00hrs
﻿22:42:39 : RCon admin #0: (Global) BEC : Leia as regras do servidor
﻿22:45:20 : RCon admin #0: (Global) BEC : Visite nossa pagina no Facebook, www.fb.com/equipeundeadbrasil
﻿22:47:19 : RCon admin #0: (Global) BEC : Entre em nosso Team Speak 3: ts3.undeadbrasil.com
﻿22:48:39 : RCon admin #0: (Global) BEC : Para reportar bugs, erros, etc... Use nosso forum | www.undeadbrasil.com/forum
﻿22:50:19 : RCon admin #0: (Global) BEC : Hosting Undead Brasil Servidores | www.undeadbrasil.com/servers
﻿22:50:40 : RCon admin #0: (Global) BEC : Visite nossa pagina no Facebook, www.fb.com/equipeundeadbrasil
﻿22:51:00 : RCon admin #0: (Global) BEC : Welcome Undead Brasil
﻿22:57:19 : RCon admin #0: (Global) BEC : Leia as regras do servidor
﻿22:57:20 : RCon admin #0: (Global) BEC : Visite nossa pagina no Facebook, www.fb.com/equipeundeadbrasil
﻿22:59:19 : RCon admin #0: (Global) BEC : Hosting Undead Brasil Servidores | www.undeadbrasil.com/servers
﻿22:59:20 : RCon admin #0: (Global) BEC : Atenção restart automático a cada 3 horas, 06:00hrs, 09:00hrs, 12:00hrs, 15:00hrs, 18:00hrs, 21:00hrs, 00:00hrs, 03:00hrs
﻿22:59:59 : RCon admin #0: (Global) BEC : Para reportar bugs, erros, etc... Use nosso forum | www.undeadbrasil.com/forum
﻿23:00:19 : RCon admin #0: (Global) BEC : Entre em nosso Team Speak 3: ts3.undeadbrasil.com
﻿23:04:00 : RCon admin #0: (Global) BEC : Visite nossa pagina no Facebook, www.fb.com/equipeundeadbrasil
﻿23:07:20 : RCon admin #0: (Global) BEC : Welcome Undead Brasil
﻿23:08:19 : RCon admin #0: (Global) BEC : Hosting Undead Brasil Servidores | www.undeadbrasil.com/servers
﻿23:10:40 : RCon admin #0: (Global) BEC : Visite nossa pagina no Facebook, www.fb.com/equipeundeadbrasil
﻿23:11:00 : RCon admin #0: (Global) BEC : Visite nossa pagina no Facebook, www.fb.com/equipeundeadbrasil
﻿23:11:19 : RCon admin #0: (Global) BEC : Para reportar bugs, erros, etc... Use nosso forum | www.undeadbrasil.com/forum
﻿23:11:59 : RCon admin #0: (Global) BEC : Leia as regras do servidor
﻿23:13:19 : RCon admin #0: (Global) BEC : Entre em nosso Team Speak 3: ts3.undeadbrasil.com
﻿23:17:19 : RCon admin #0: (Global) BEC : Hosting Undead Brasil Servidores | www.undeadbrasil.com/servers
﻿23:17:20 : RCon admin #0: (Global) BEC : Atenção restart automático a cada 3 horas, 06:00hrs, 09:00hrs, 12:00hrs, 15:00hrs, 18:00hrs, 21:00hrs, 00:00hrs, 03:00hrs
﻿23:19:20 : RCon admin #0: (Global) BEC : Visite nossa pagina no Facebook, www.fb.com/equipeundeadbrasil
﻿23:22:39 : RCon admin #0: (Global) BEC : Para reportar bugs, erros, etc... Use nosso forum | www.undeadbrasil.com/forum
﻿23:23:40 : RCon admin #0: (Global) BEC : Welcome Undead Brasil
﻿23:24:39 : Player #1 Robert (73.218.30.226:2404) connected
﻿23:24:40 : Player #1 Robert - GUID: 8aa98c61e0b595a228bbcb9cbfac7871 (unverified)
﻿23:24:40 : Verified GUID (8aa98c61e0b595a228bbcb9cbfac7871) of player #1 Robert
﻿23:24:41 : Player #1 Robert - Legacy GUID: 94e8ff41b2e18c05bb12f6a1924f4253
﻿23:24:42 : Player #1 Robert disconnected
﻿23:26:19 : RCon admin #0: (Global) BEC : Hosting Undead Brasil Servidores | www.undeadbrasil.com/servers
﻿23:26:19 : RCon admin #0: (Global) BEC : Entre em nosso Team Speak 3: ts3.undeadbrasil.com
﻿23:26:39 : RCon admin #0: (Global) BEC : Leia as regras do servidor
﻿23:27:40 : RCon admin #0: (Global) BEC : Visite nossa pagina no Facebook, www.fb.com/equipeundeadbrasil
﻿23:31:20 : RCon admin #0: (Global) BEC : Visite nossa pagina no Facebook, www.fb.com/equipeundeadbrasil
﻿23:33:59 : RCon admin #0: (Global) BEC : Para reportar bugs, erros, etc... Use nosso forum | www.undeadbrasil.com/forum
﻿23:35:19 : RCon admin #0: (Global) BEC : Hosting Undead Brasil Servidores | www.undeadbrasil.com/servers
﻿23:35:20 : RCon admin #0: (Global) BEC : Atenção restart automático a cada 3 horas, 06:00hrs, 09:00hrs, 12:00hrs, 15:00hrs, 18:00hrs, 21:00hrs, 00:00hrs, 03:00hrs
﻿23:36:00 : RCon admin #0: (Global) BEC : Visite nossa pagina no Facebook, www.fb.com/equipeundeadbrasil
﻿23:39:19 : RCon admin #0: (Global) BEC : Entre em nosso Team Speak 3: ts3.undeadbrasil.com
﻿23:40:00 : RCon admin #0: (Global) BEC : Welcome Undead Brasil
﻿23:41:19 : RCon admin #0: (Global) BEC : Leia as regras do servidor
﻿23:41:20 : RCon admin #0: (Global) BEC : Visite nossa pagina no Facebook, www.fb.com/equipeundeadbrasil
﻿23:44:19 : RCon admin #0: (Global) BEC : Hosting Undead Brasil Servidores | www.undeadbrasil.com/servers
﻿23:45:00 : RCon admin #0: (Global) BEC : Servidor irá reniciar em 15 minutos...
﻿23:45:19 : RCon admin #0: (Global) BEC : Para reportar bugs, erros, etc... Use nosso forum | www.undeadbrasil.com/forum
﻿23:50:00 : RCon admin #0: (Global) BEC : Servidor irá reniciar em 10 minutos...
﻿23:51:20 : RCon admin #0: (Global) BEC : Visite nossa pagina no Facebook, www.fb.com/equipeundeadbrasil
﻿23:51:40 : RCon admin #0: (Global) BEC : Visite nossa pagina no Facebook, www.fb.com/equipeundeadbrasil
﻿23:52:19 : RCon admin #0: (Global) BEC : Entre em nosso Team Speak 3: ts3.undeadbrasil.com
﻿23:53:19 : RCon admin #0: (Global) BEC : Hosting Undead Brasil Servidores | www.undeadbrasil.com/servers
﻿23:53:20 : RCon admin #0: (Global) BEC : Atenção restart automático a cada 3 horas, 06:00hrs, 09:00hrs, 12:00hrs, 15:00hrs, 18:00hrs, 21:00hrs, 00:00hrs, 03:00hrs
﻿23:55:00 : RCon admin #0: (Global) BEC : Servidor irá reniciar em 5 minutos...
﻿23:55:59 : RCon admin #0: (Global) BEC : Leia as regras do servidor
﻿23:56:20 : RCon admin #0: (Global) BEC : Welcome Undead Brasil
﻿23:56:39 : RCon admin #0: (Global) BEC : Para reportar bugs, erros, etc... Use nosso forum | www.undeadbrasil.com/forum
﻿23:57:00 : RCon admin #0: (Global) BEC : Servidor irá reniciar em 3 minutos, Por favor aterrissa seus helicóptero para evitar problemas...
﻿23:59:00 : RCon admin #0: (Global) BEC : Servidor irá reniciar em 1 minutos, Por favor abra o Menu(TAB), e salve seu personagem...
