00:00:01 : Lost Connection!
﻿00:00:01 : Closing socket & exiting!
﻿00:01:54 : Starting plugin : Rss
﻿00:01:58 : Rcon client logging in
﻿00:01:58 : RCon admin #0 (127.0.0.1:65348) logged in
﻿00:02:38 : RCon admin #0: (Global) ArmaHolic News: Syrian Arab Army and Hezbollah by Chops and Drongo
﻿00:02:53 : RCon admin #0: (Global) ArmaHolic News: FHQ M4 pack by Alwarren updated
﻿00:03:08 : RCon admin #0: (Global) ArmaHolic News: Middle East Irregulars by Drongo69 updated
﻿00:03:23 : RCon admin #0: (Global) ArmaHolic News: Gac JSDF Mod for Arma 3
﻿00:03:38 : RCon admin #0: (Global) ArmaHolic News: Tactical Battlefield - A PvP Modification by TacBF Team
﻿00:03:53 : RCon admin #0: (Global) ArmaHolic News: Gersen Unit Pack by gersen
﻿00:04:08 : RCon admin #0: (Global) ArmaHolic News: Dynamic Movement - Descend in Style by Gole
﻿00:04:23 : RCon admin #0: (Global) ArmaHolic News: Coop mission : Assault on Zargabad 2 by djotacon
﻿00:04:38 : RCon admin #0: (Global) ArmaHolic News: SP & Coop mission : African rebels by JCae2798
﻿00:04:53 : RCon admin #0: (Global) ArmaHolic News: TvT gamemode : WARHUNT by Firestorm_01, Kxam, CFG, Jack Freeman, [Stray] updated
﻿00:05:07 : Player #0 mFox (127.0.0.1:2316) connected
﻿00:05:09 : Player #0 mFox - GUID: 23d54db5c3e6e1f3150fa5e7ac9a8943 (unverified)
﻿00:05:09 : RCon admin #0: (Global) BEC : Super Admin mFox Connected
﻿00:05:09 : Verified GUID (23d54db5c3e6e1f3150fa5e7ac9a8943) of player #0 mFox
﻿00:05:10 : IMPORTANT: Server admins now have to convert their BE filter files to a new regex-compatible format and put "//new" into the files' first line. Details: http://forums.bistudio.com/showthread.php?167504-Regular-Expression-%28Regex%29-Support-for-BE-Filters
﻿00:06:06 : Lost Connection!
﻿00:06:06 : Closing socket & exiting!
﻿00:07:34 : Rcon client logging in
﻿00:07:34 : RCon admin #0 (127.0.0.1:63741) logged in
﻿00:08:39 : Player #0 mFox (127.0.0.1:2316) connected
﻿00:08:41 : Player #0 mFox - GUID: 23d54db5c3e6e1f3150fa5e7ac9a8943 (unverified)
﻿00:08:41 : RCon admin #0: (Global) BEC : Super Admin mFox Connected
﻿00:08:41 : Verified GUID (23d54db5c3e6e1f3150fa5e7ac9a8943) of player #0 mFox
﻿00:08:42 : IMPORTANT: Server admins now have to convert their BE filter files to a new regex-compatible format and put "//new" into the files' first line. Details: http://forums.bistudio.com/showthread.php?167504-Regular-Expression-%28Regex%29-Support-for-BE-Filters
﻿00:17:31 : RCon admin #0: (Global) BEC : Обратите внимание! Cервер перезагружается 6 раз в сутки, 4:00, 8:00, 12:00, 16:00, 20:00 и 00:00 часов.
﻿00:20:26 : Player #0 mFox disconnected
